CRITICAL - 2024-02-07 07:29:07 --> preg_match(): Compilation failed: missing closing parenthesis at offset 3
in SYSTEMPATH/Router/Router.php on line 422.
 1 [internal function]: CodeIgniter\Debug\Exceptions->errorHandler()
 2 SYSTEMPATH/Router/Router.php(422): preg_match()
 3 SYSTEMPATH/Router/Router.php(184): CodeIgniter\Router\Router->checkRoutes()
 4 SYSTEMPATH/CodeIgniter.php(800): CodeIgniter\Router\Router->handle()
 5 SYSTEMPATH/CodeIgniter.php(442): CodeIgniter\CodeIgniter->tryToRouteIt()
 6 SYSTEMPATH/CodeIgniter.php(353): CodeIgniter\CodeIgniter->handleRequest()
 7 FCPATH/index.php(79): CodeIgniter\CodeIgniter->run()
CRITICAL - 2024-02-07 07:29:10 --> preg_match(): Compilation failed: missing closing parenthesis at offset 3
in SYSTEMPATH/Router/Router.php on line 422.
 1 [internal function]: CodeIgniter\Debug\Exceptions->errorHandler()
 2 SYSTEMPATH/Router/Router.php(422): preg_match()
 3 SYSTEMPATH/Router/Router.php(184): CodeIgniter\Router\Router->checkRoutes()
 4 SYSTEMPATH/CodeIgniter.php(800): CodeIgniter\Router\Router->handle()
 5 SYSTEMPATH/CodeIgniter.php(442): CodeIgniter\CodeIgniter->tryToRouteIt()
 6 SYSTEMPATH/CodeIgniter.php(353): CodeIgniter\CodeIgniter->handleRequest()
 7 FCPATH/index.php(79): CodeIgniter\CodeIgniter->run()
CRITICAL - 2024-02-07 07:38:32 --> preg_match(): Compilation failed: missing closing parenthesis at offset 3
in SYSTEMPATH/Router/Router.php on line 422.
 1 [internal function]: CodeIgniter\Debug\Exceptions->errorHandler()
 2 SYSTEMPATH/Router/Router.php(422): preg_match()
 3 SYSTEMPATH/Router/Router.php(184): CodeIgniter\Router\Router->checkRoutes()
 4 SYSTEMPATH/CodeIgniter.php(800): CodeIgniter\Router\Router->handle()
 5 SYSTEMPATH/CodeIgniter.php(442): CodeIgniter\CodeIgniter->tryToRouteIt()
 6 SYSTEMPATH/CodeIgniter.php(353): CodeIgniter\CodeIgniter->handleRequest()
 7 FCPATH/index.php(79): CodeIgniter\CodeIgniter->run()
CRITICAL - 2024-02-07 08:01:22 --> preg_match(): Compilation failed: missing closing parenthesis at offset 3
in SYSTEMPATH/Router/Router.php on line 422.
 1 [internal function]: CodeIgniter\Debug\Exceptions->errorHandler()
 2 SYSTEMPATH/Router/Router.php(422): preg_match()
 3 SYSTEMPATH/Router/Router.php(184): CodeIgniter\Router\Router->checkRoutes()
 4 SYSTEMPATH/CodeIgniter.php(800): CodeIgniter\Router\Router->handle()
 5 SYSTEMPATH/CodeIgniter.php(442): CodeIgniter\CodeIgniter->tryToRouteIt()
 6 SYSTEMPATH/CodeIgniter.php(353): CodeIgniter\CodeIgniter->handleRequest()
 7 FCPATH/index.php(79): CodeIgniter\CodeIgniter->run()
CRITICAL - 2024-02-07 08:01:22 --> preg_match(): Compilation failed: missing closing parenthesis at offset 3
in SYSTEMPATH/Router/Router.php on line 422.
 1 [internal function]: CodeIgniter\Debug\Exceptions->errorHandler()
 2 SYSTEMPATH/Router/Router.php(422): preg_match()
 3 SYSTEMPATH/Router/Router.php(184): CodeIgniter\Router\Router->checkRoutes()
 4 SYSTEMPATH/CodeIgniter.php(800): CodeIgniter\Router\Router->handle()
 5 SYSTEMPATH/CodeIgniter.php(442): CodeIgniter\CodeIgniter->tryToRouteIt()
 6 SYSTEMPATH/CodeIgniter.php(353): CodeIgniter\CodeIgniter->handleRequest()
 7 FCPATH/index.php(79): CodeIgniter\CodeIgniter->run()
CRITICAL - 2024-02-07 08:01:37 --> preg_match(): Compilation failed: missing closing parenthesis at offset 3
in SYSTEMPATH/Router/Router.php on line 422.
 1 [internal function]: CodeIgniter\Debug\Exceptions->errorHandler()
 2 SYSTEMPATH/Router/Router.php(422): preg_match()
 3 SYSTEMPATH/Router/Router.php(184): CodeIgniter\Router\Router->checkRoutes()
 4 SYSTEMPATH/CodeIgniter.php(800): CodeIgniter\Router\Router->handle()
 5 SYSTEMPATH/CodeIgniter.php(442): CodeIgniter\CodeIgniter->tryToRouteIt()
 6 SYSTEMPATH/CodeIgniter.php(353): CodeIgniter\CodeIgniter->handleRequest()
 7 FCPATH/index.php(79): CodeIgniter\CodeIgniter->run()
CRITICAL - 2024-02-07 08:03:44 --> preg_match(): Compilation failed: missing closing parenthesis at offset 3
in SYSTEMPATH/Router/Router.php on line 422.
 1 [internal function]: CodeIgniter\Debug\Exceptions->errorHandler()
 2 SYSTEMPATH/Router/Router.php(422): preg_match()
 3 SYSTEMPATH/Router/Router.php(184): CodeIgniter\Router\Router->checkRoutes()
 4 SYSTEMPATH/CodeIgniter.php(800): CodeIgniter\Router\Router->handle()
 5 SYSTEMPATH/CodeIgniter.php(442): CodeIgniter\CodeIgniter->tryToRouteIt()
 6 SYSTEMPATH/CodeIgniter.php(353): CodeIgniter\CodeIgniter->handleRequest()
 7 FCPATH/index.php(79): CodeIgniter\CodeIgniter->run()
CRITICAL - 2024-02-07 08:03:44 --> preg_match(): Compilation failed: missing closing parenthesis at offset 3
in SYSTEMPATH/Router/Router.php on line 422.
 1 [internal function]: CodeIgniter\Debug\Exceptions->errorHandler()
 2 SYSTEMPATH/Router/Router.php(422): preg_match()
 3 SYSTEMPATH/Router/Router.php(184): CodeIgniter\Router\Router->checkRoutes()
 4 SYSTEMPATH/CodeIgniter.php(800): CodeIgniter\Router\Router->handle()
 5 SYSTEMPATH/CodeIgniter.php(442): CodeIgniter\CodeIgniter->tryToRouteIt()
 6 SYSTEMPATH/CodeIgniter.php(353): CodeIgniter\CodeIgniter->handleRequest()
 7 FCPATH/index.php(79): CodeIgniter\CodeIgniter->run()
CRITICAL - 2024-02-07 08:03:45 --> preg_match(): Compilation failed: missing closing parenthesis at offset 3
in SYSTEMPATH/Router/Router.php on line 422.
 1 [internal function]: CodeIgniter\Debug\Exceptions->errorHandler()
 2 SYSTEMPATH/Router/Router.php(422): preg_match()
 3 SYSTEMPATH/Router/Router.php(184): CodeIgniter\Router\Router->checkRoutes()
 4 SYSTEMPATH/CodeIgniter.php(800): CodeIgniter\Router\Router->handle()
 5 SYSTEMPATH/CodeIgniter.php(442): CodeIgniter\CodeIgniter->tryToRouteIt()
 6 SYSTEMPATH/CodeIgniter.php(353): CodeIgniter\CodeIgniter->handleRequest()
 7 FCPATH/index.php(79): CodeIgniter\CodeIgniter->run()
CRITICAL - 2024-02-07 08:03:45 --> preg_match(): Compilation failed: missing closing parenthesis at offset 3
in SYSTEMPATH/Router/Router.php on line 422.
 1 [internal function]: CodeIgniter\Debug\Exceptions->errorHandler()
 2 SYSTEMPATH/Router/Router.php(422): preg_match()
 3 SYSTEMPATH/Router/Router.php(184): CodeIgniter\Router\Router->checkRoutes()
 4 SYSTEMPATH/CodeIgniter.php(800): CodeIgniter\Router\Router->handle()
 5 SYSTEMPATH/CodeIgniter.php(442): CodeIgniter\CodeIgniter->tryToRouteIt()
 6 SYSTEMPATH/CodeIgniter.php(353): CodeIgniter\CodeIgniter->handleRequest()
 7 FCPATH/index.php(79): CodeIgniter\CodeIgniter->run()
CRITICAL - 2024-02-07 08:03:45 --> preg_match(): Compilation failed: missing closing parenthesis at offset 3
in SYSTEMPATH/Router/Router.php on line 422.
 1 [internal function]: CodeIgniter\Debug\Exceptions->errorHandler()
 2 SYSTEMPATH/Router/Router.php(422): preg_match()
 3 SYSTEMPATH/Router/Router.php(184): CodeIgniter\Router\Router->checkRoutes()
 4 SYSTEMPATH/CodeIgniter.php(800): CodeIgniter\Router\Router->handle()
 5 SYSTEMPATH/CodeIgniter.php(442): CodeIgniter\CodeIgniter->tryToRouteIt()
 6 SYSTEMPATH/CodeIgniter.php(353): CodeIgniter\CodeIgniter->handleRequest()
 7 FCPATH/index.php(79): CodeIgniter\CodeIgniter->run()
CRITICAL - 2024-02-07 08:03:50 --> preg_match(): Compilation failed: missing closing parenthesis at offset 3
in SYSTEMPATH/Router/Router.php on line 422.
 1 [internal function]: CodeIgniter\Debug\Exceptions->errorHandler()
 2 SYSTEMPATH/Router/Router.php(422): preg_match()
 3 SYSTEMPATH/Router/Router.php(184): CodeIgniter\Router\Router->checkRoutes()
 4 SYSTEMPATH/CodeIgniter.php(800): CodeIgniter\Router\Router->handle()
 5 SYSTEMPATH/CodeIgniter.php(442): CodeIgniter\CodeIgniter->tryToRouteIt()
 6 SYSTEMPATH/CodeIgniter.php(353): CodeIgniter\CodeIgniter->handleRequest()
 7 FCPATH/index.php(79): CodeIgniter\CodeIgniter->run()
CRITICAL - 2024-02-07 08:03:50 --> preg_match(): Compilation failed: missing closing parenthesis at offset 3
in SYSTEMPATH/Router/Router.php on line 422.
 1 [internal function]: CodeIgniter\Debug\Exceptions->errorHandler()
 2 SYSTEMPATH/Router/Router.php(422): preg_match()
 3 SYSTEMPATH/Router/Router.php(184): CodeIgniter\Router\Router->checkRoutes()
 4 SYSTEMPATH/CodeIgniter.php(800): CodeIgniter\Router\Router->handle()
 5 SYSTEMPATH/CodeIgniter.php(442): CodeIgniter\CodeIgniter->tryToRouteIt()
 6 SYSTEMPATH/CodeIgniter.php(353): CodeIgniter\CodeIgniter->handleRequest()
 7 FCPATH/index.php(79): CodeIgniter\CodeIgniter->run()
CRITICAL - 2024-02-07 08:03:52 --> preg_match(): Compilation failed: missing closing parenthesis at offset 3
in SYSTEMPATH/Router/Router.php on line 422.
 1 [internal function]: CodeIgniter\Debug\Exceptions->errorHandler()
 2 SYSTEMPATH/Router/Router.php(422): preg_match()
 3 SYSTEMPATH/Router/Router.php(184): CodeIgniter\Router\Router->checkRoutes()
 4 SYSTEMPATH/CodeIgniter.php(800): CodeIgniter\Router\Router->handle()
 5 SYSTEMPATH/CodeIgniter.php(442): CodeIgniter\CodeIgniter->tryToRouteIt()
 6 SYSTEMPATH/CodeIgniter.php(353): CodeIgniter\CodeIgniter->handleRequest()
 7 FCPATH/index.php(79): CodeIgniter\CodeIgniter->run()
CRITICAL - 2024-02-07 08:03:52 --> preg_match(): Compilation failed: missing closing parenthesis at offset 3
in SYSTEMPATH/Router/Router.php on line 422.
 1 [internal function]: CodeIgniter\Debug\Exceptions->errorHandler()
 2 SYSTEMPATH/Router/Router.php(422): preg_match()
 3 SYSTEMPATH/Router/Router.php(184): CodeIgniter\Router\Router->checkRoutes()
 4 SYSTEMPATH/CodeIgniter.php(800): CodeIgniter\Router\Router->handle()
 5 SYSTEMPATH/CodeIgniter.php(442): CodeIgniter\CodeIgniter->tryToRouteIt()
 6 SYSTEMPATH/CodeIgniter.php(353): CodeIgniter\CodeIgniter->handleRequest()
 7 FCPATH/index.php(79): CodeIgniter\CodeIgniter->run()
CRITICAL - 2024-02-07 08:03:53 --> preg_match(): Compilation failed: missing closing parenthesis at offset 3
in SYSTEMPATH/Router/Router.php on line 422.
 1 [internal function]: CodeIgniter\Debug\Exceptions->errorHandler()
 2 SYSTEMPATH/Router/Router.php(422): preg_match()
 3 SYSTEMPATH/Router/Router.php(184): CodeIgniter\Router\Router->checkRoutes()
 4 SYSTEMPATH/CodeIgniter.php(800): CodeIgniter\Router\Router->handle()
 5 SYSTEMPATH/CodeIgniter.php(442): CodeIgniter\CodeIgniter->tryToRouteIt()
 6 SYSTEMPATH/CodeIgniter.php(353): CodeIgniter\CodeIgniter->handleRequest()
 7 FCPATH/index.php(79): CodeIgniter\CodeIgniter->run()
CRITICAL - 2024-02-07 08:04:05 --> preg_match(): Compilation failed: missing closing parenthesis at offset 3
in SYSTEMPATH/Router/Router.php on line 422.
 1 [internal function]: CodeIgniter\Debug\Exceptions->errorHandler()
 2 SYSTEMPATH/Router/Router.php(422): preg_match()
 3 SYSTEMPATH/Router/Router.php(184): CodeIgniter\Router\Router->checkRoutes()
 4 SYSTEMPATH/CodeIgniter.php(800): CodeIgniter\Router\Router->handle()
 5 SYSTEMPATH/CodeIgniter.php(442): CodeIgniter\CodeIgniter->tryToRouteIt()
 6 SYSTEMPATH/CodeIgniter.php(353): CodeIgniter\CodeIgniter->handleRequest()
 7 FCPATH/index.php(79): CodeIgniter\CodeIgniter->run()
CRITICAL - 2024-02-07 08:04:11 --> preg_match(): Compilation failed: missing closing parenthesis at offset 3
in SYSTEMPATH/Router/Router.php on line 422.
 1 [internal function]: CodeIgniter\Debug\Exceptions->errorHandler()
 2 SYSTEMPATH/Router/Router.php(422): preg_match()
 3 SYSTEMPATH/Router/Router.php(184): CodeIgniter\Router\Router->checkRoutes()
 4 SYSTEMPATH/CodeIgniter.php(800): CodeIgniter\Router\Router->handle()
 5 SYSTEMPATH/CodeIgniter.php(442): CodeIgniter\CodeIgniter->tryToRouteIt()
 6 SYSTEMPATH/CodeIgniter.php(353): CodeIgniter\CodeIgniter->handleRequest()
 7 FCPATH/index.php(79): CodeIgniter\CodeIgniter->run()
CRITICAL - 2024-02-07 08:04:26 --> preg_match(): Compilation failed: missing closing parenthesis at offset 3
in SYSTEMPATH/Router/Router.php on line 422.
 1 [internal function]: CodeIgniter\Debug\Exceptions->errorHandler()
 2 SYSTEMPATH/Router/Router.php(422): preg_match()
 3 SYSTEMPATH/Router/Router.php(184): CodeIgniter\Router\Router->checkRoutes()
 4 SYSTEMPATH/CodeIgniter.php(800): CodeIgniter\Router\Router->handle()
 5 SYSTEMPATH/CodeIgniter.php(442): CodeIgniter\CodeIgniter->tryToRouteIt()
 6 SYSTEMPATH/CodeIgniter.php(353): CodeIgniter\CodeIgniter->handleRequest()
 7 FCPATH/index.php(79): CodeIgniter\CodeIgniter->run()
CRITICAL - 2024-02-07 08:04:26 --> preg_match(): Compilation failed: missing closing parenthesis at offset 3
in SYSTEMPATH/Router/Router.php on line 422.
 1 [internal function]: CodeIgniter\Debug\Exceptions->errorHandler()
 2 SYSTEMPATH/Router/Router.php(422): preg_match()
 3 SYSTEMPATH/Router/Router.php(184): CodeIgniter\Router\Router->checkRoutes()
 4 SYSTEMPATH/CodeIgniter.php(800): CodeIgniter\Router\Router->handle()
 5 SYSTEMPATH/CodeIgniter.php(442): CodeIgniter\CodeIgniter->tryToRouteIt()
 6 SYSTEMPATH/CodeIgniter.php(353): CodeIgniter\CodeIgniter->handleRequest()
 7 FCPATH/index.php(79): CodeIgniter\CodeIgniter->run()
CRITICAL - 2024-02-07 08:05:24 --> preg_match(): Compilation failed: missing closing parenthesis at offset 3
in SYSTEMPATH/Router/Router.php on line 422.
 1 [internal function]: CodeIgniter\Debug\Exceptions->errorHandler()
 2 SYSTEMPATH/Router/Router.php(422): preg_match()
 3 SYSTEMPATH/Router/Router.php(184): CodeIgniter\Router\Router->checkRoutes()
 4 SYSTEMPATH/CodeIgniter.php(800): CodeIgniter\Router\Router->handle()
 5 SYSTEMPATH/CodeIgniter.php(442): CodeIgniter\CodeIgniter->tryToRouteIt()
 6 SYSTEMPATH/CodeIgniter.php(353): CodeIgniter\CodeIgniter->handleRequest()
 7 FCPATH/index.php(79): CodeIgniter\CodeIgniter->run()
CRITICAL - 2024-02-07 08:08:23 --> preg_match(): Compilation failed: missing closing parenthesis at offset 3
in SYSTEMPATH/Router/Router.php on line 422.
 1 [internal function]: CodeIgniter\Debug\Exceptions->errorHandler()
 2 SYSTEMPATH/Router/Router.php(422): preg_match()
 3 SYSTEMPATH/Router/Router.php(184): CodeIgniter\Router\Router->checkRoutes()
 4 SYSTEMPATH/CodeIgniter.php(800): CodeIgniter\Router\Router->handle()
 5 SYSTEMPATH/CodeIgniter.php(442): CodeIgniter\CodeIgniter->tryToRouteIt()
 6 SYSTEMPATH/CodeIgniter.php(353): CodeIgniter\CodeIgniter->handleRequest()
 7 FCPATH/index.php(79): CodeIgniter\CodeIgniter->run()
CRITICAL - 2024-02-07 08:19:38 --> preg_match(): Compilation failed: missing closing parenthesis at offset 3
in SYSTEMPATH/Router/Router.php on line 422.
 1 [internal function]: CodeIgniter\Debug\Exceptions->errorHandler()
 2 SYSTEMPATH/Router/Router.php(422): preg_match()
 3 SYSTEMPATH/Router/Router.php(184): CodeIgniter\Router\Router->checkRoutes()
 4 SYSTEMPATH/CodeIgniter.php(800): CodeIgniter\Router\Router->handle()
 5 SYSTEMPATH/CodeIgniter.php(442): CodeIgniter\CodeIgniter->tryToRouteIt()
 6 SYSTEMPATH/CodeIgniter.php(353): CodeIgniter\CodeIgniter->handleRequest()
 7 FCPATH/index.php(79): CodeIgniter\CodeIgniter->run()
CRITICAL - 2024-02-07 08:23:05 --> preg_match(): Compilation failed: missing closing parenthesis at offset 3
in SYSTEMPATH/Router/Router.php on line 422.
 1 [internal function]: CodeIgniter\Debug\Exceptions->errorHandler()
 2 SYSTEMPATH/Router/Router.php(422): preg_match()
 3 SYSTEMPATH/Router/Router.php(184): CodeIgniter\Router\Router->checkRoutes()
 4 SYSTEMPATH/CodeIgniter.php(800): CodeIgniter\Router\Router->handle()
 5 SYSTEMPATH/CodeIgniter.php(442): CodeIgniter\CodeIgniter->tryToRouteIt()
 6 SYSTEMPATH/CodeIgniter.php(353): CodeIgniter\CodeIgniter->handleRequest()
 7 FCPATH/index.php(79): CodeIgniter\CodeIgniter->run()
CRITICAL - 2024-02-07 08:23:17 --> preg_match(): Compilation failed: missing closing parenthesis at offset 3
in SYSTEMPATH/Router/Router.php on line 422.
 1 [internal function]: CodeIgniter\Debug\Exceptions->errorHandler()
 2 SYSTEMPATH/Router/Router.php(422): preg_match()
 3 SYSTEMPATH/Router/Router.php(184): CodeIgniter\Router\Router->checkRoutes()
 4 SYSTEMPATH/CodeIgniter.php(800): CodeIgniter\Router\Router->handle()
 5 SYSTEMPATH/CodeIgniter.php(442): CodeIgniter\CodeIgniter->tryToRouteIt()
 6 SYSTEMPATH/CodeIgniter.php(353): CodeIgniter\CodeIgniter->handleRequest()
 7 FCPATH/index.php(79): CodeIgniter\CodeIgniter->run()
CRITICAL - 2024-02-07 08:33:50 --> preg_match(): Compilation failed: missing closing parenthesis at offset 3
in SYSTEMPATH/Router/Router.php on line 422.
 1 [internal function]: CodeIgniter\Debug\Exceptions->errorHandler()
 2 SYSTEMPATH/Router/Router.php(422): preg_match()
 3 SYSTEMPATH/Router/Router.php(184): CodeIgniter\Router\Router->checkRoutes()
 4 SYSTEMPATH/CodeIgniter.php(800): CodeIgniter\Router\Router->handle()
 5 SYSTEMPATH/CodeIgniter.php(442): CodeIgniter\CodeIgniter->tryToRouteIt()
 6 SYSTEMPATH/CodeIgniter.php(353): CodeIgniter\CodeIgniter->handleRequest()
 7 FCPATH/index.php(79): CodeIgniter\CodeIgniter->run()
CRITICAL - 2024-02-07 08:35:55 --> preg_match(): Compilation failed: missing closing parenthesis at offset 3
in SYSTEMPATH/Router/Router.php on line 422.
 1 [internal function]: CodeIgniter\Debug\Exceptions->errorHandler()
 2 SYSTEMPATH/Router/Router.php(422): preg_match()
 3 SYSTEMPATH/Router/Router.php(184): CodeIgniter\Router\Router->checkRoutes()
 4 SYSTEMPATH/CodeIgniter.php(800): CodeIgniter\Router\Router->handle()
 5 SYSTEMPATH/CodeIgniter.php(442): CodeIgniter\CodeIgniter->tryToRouteIt()
 6 SYSTEMPATH/CodeIgniter.php(353): CodeIgniter\CodeIgniter->handleRequest()
 7 FCPATH/index.php(79): CodeIgniter\CodeIgniter->run()
CRITICAL - 2024-02-07 08:36:30 --> preg_match(): Compilation failed: missing closing parenthesis at offset 3
in SYSTEMPATH/Router/Router.php on line 422.
 1 [internal function]: CodeIgniter\Debug\Exceptions->errorHandler()
 2 SYSTEMPATH/Router/Router.php(422): preg_match()
 3 SYSTEMPATH/Router/Router.php(184): CodeIgniter\Router\Router->checkRoutes()
 4 SYSTEMPATH/CodeIgniter.php(800): CodeIgniter\Router\Router->handle()
 5 SYSTEMPATH/CodeIgniter.php(442): CodeIgniter\CodeIgniter->tryToRouteIt()
 6 SYSTEMPATH/CodeIgniter.php(353): CodeIgniter\CodeIgniter->handleRequest()
 7 FCPATH/index.php(79): CodeIgniter\CodeIgniter->run()
CRITICAL - 2024-02-07 08:50:35 --> preg_match(): Compilation failed: missing closing parenthesis at offset 3
in SYSTEMPATH/Router/Router.php on line 422.
 1 [internal function]: CodeIgniter\Debug\Exceptions->errorHandler()
 2 SYSTEMPATH/Router/Router.php(422): preg_match()
 3 SYSTEMPATH/Router/Router.php(184): CodeIgniter\Router\Router->checkRoutes()
 4 SYSTEMPATH/CodeIgniter.php(800): CodeIgniter\Router\Router->handle()
 5 SYSTEMPATH/CodeIgniter.php(442): CodeIgniter\CodeIgniter->tryToRouteIt()
 6 SYSTEMPATH/CodeIgniter.php(353): CodeIgniter\CodeIgniter->handleRequest()
 7 FCPATH/index.php(79): CodeIgniter\CodeIgniter->run()
CRITICAL - 2024-02-07 08:50:51 --> preg_match(): Compilation failed: missing closing parenthesis at offset 3
in SYSTEMPATH/Router/Router.php on line 422.
 1 [internal function]: CodeIgniter\Debug\Exceptions->errorHandler()
 2 SYSTEMPATH/Router/Router.php(422): preg_match()
 3 SYSTEMPATH/Router/Router.php(184): CodeIgniter\Router\Router->checkRoutes()
 4 SYSTEMPATH/CodeIgniter.php(800): CodeIgniter\Router\Router->handle()
 5 SYSTEMPATH/CodeIgniter.php(442): CodeIgniter\CodeIgniter->tryToRouteIt()
 6 SYSTEMPATH/CodeIgniter.php(353): CodeIgniter\CodeIgniter->handleRequest()
 7 FCPATH/index.php(79): CodeIgniter\CodeIgniter->run()
CRITICAL - 2024-02-07 08:51:05 --> preg_match(): Compilation failed: missing closing parenthesis at offset 3
in SYSTEMPATH/Router/Router.php on line 422.
 1 [internal function]: CodeIgniter\Debug\Exceptions->errorHandler()
 2 SYSTEMPATH/Router/Router.php(422): preg_match()
 3 SYSTEMPATH/Router/Router.php(184): CodeIgniter\Router\Router->checkRoutes()
 4 SYSTEMPATH/CodeIgniter.php(800): CodeIgniter\Router\Router->handle()
 5 SYSTEMPATH/CodeIgniter.php(442): CodeIgniter\CodeIgniter->tryToRouteIt()
 6 SYSTEMPATH/CodeIgniter.php(353): CodeIgniter\CodeIgniter->handleRequest()
 7 FCPATH/index.php(79): CodeIgniter\CodeIgniter->run()
CRITICAL - 2024-02-07 08:55:24 --> preg_match(): Compilation failed: missing closing parenthesis at offset 3
in SYSTEMPATH/Router/Router.php on line 422.
 1 [internal function]: CodeIgniter\Debug\Exceptions->errorHandler()
 2 SYSTEMPATH/Router/Router.php(422): preg_match()
 3 SYSTEMPATH/Router/Router.php(184): CodeIgniter\Router\Router->checkRoutes()
 4 SYSTEMPATH/CodeIgniter.php(800): CodeIgniter\Router\Router->handle()
 5 SYSTEMPATH/CodeIgniter.php(442): CodeIgniter\CodeIgniter->tryToRouteIt()
 6 SYSTEMPATH/CodeIgniter.php(353): CodeIgniter\CodeIgniter->handleRequest()
 7 FCPATH/index.php(79): CodeIgniter\CodeIgniter->run()
CRITICAL - 2024-02-07 08:56:42 --> preg_match(): Compilation failed: missing closing parenthesis at offset 3
in SYSTEMPATH/Router/Router.php on line 422.
 1 [internal function]: CodeIgniter\Debug\Exceptions->errorHandler()
 2 SYSTEMPATH/Router/Router.php(422): preg_match()
 3 SYSTEMPATH/Router/Router.php(184): CodeIgniter\Router\Router->checkRoutes()
 4 SYSTEMPATH/CodeIgniter.php(800): CodeIgniter\Router\Router->handle()
 5 SYSTEMPATH/CodeIgniter.php(442): CodeIgniter\CodeIgniter->tryToRouteIt()
 6 SYSTEMPATH/CodeIgniter.php(353): CodeIgniter\CodeIgniter->handleRequest()
 7 FCPATH/index.php(79): CodeIgniter\CodeIgniter->run()
CRITICAL - 2024-02-07 09:05:01 --> preg_match(): Compilation failed: missing closing parenthesis at offset 3
in SYSTEMPATH/Router/Router.php on line 422.
 1 [internal function]: CodeIgniter\Debug\Exceptions->errorHandler()
 2 SYSTEMPATH/Router/Router.php(422): preg_match()
 3 SYSTEMPATH/Router/Router.php(184): CodeIgniter\Router\Router->checkRoutes()
 4 SYSTEMPATH/CodeIgniter.php(800): CodeIgniter\Router\Router->handle()
 5 SYSTEMPATH/CodeIgniter.php(442): CodeIgniter\CodeIgniter->tryToRouteIt()
 6 SYSTEMPATH/CodeIgniter.php(353): CodeIgniter\CodeIgniter->handleRequest()
 7 FCPATH/index.php(79): CodeIgniter\CodeIgniter->run()
CRITICAL - 2024-02-07 09:08:43 --> preg_match(): Compilation failed: missing closing parenthesis at offset 3
in SYSTEMPATH/Router/Router.php on line 422.
 1 [internal function]: CodeIgniter\Debug\Exceptions->errorHandler()
 2 SYSTEMPATH/Router/Router.php(422): preg_match()
 3 SYSTEMPATH/Router/Router.php(184): CodeIgniter\Router\Router->checkRoutes()
 4 SYSTEMPATH/CodeIgniter.php(800): CodeIgniter\Router\Router->handle()
 5 SYSTEMPATH/CodeIgniter.php(442): CodeIgniter\CodeIgniter->tryToRouteIt()
 6 SYSTEMPATH/CodeIgniter.php(353): CodeIgniter\CodeIgniter->handleRequest()
 7 FCPATH/index.php(79): CodeIgniter\CodeIgniter->run()
CRITICAL - 2024-02-07 09:10:12 --> preg_match(): Compilation failed: missing closing parenthesis at offset 3
in SYSTEMPATH/Router/Router.php on line 422.
 1 [internal function]: CodeIgniter\Debug\Exceptions->errorHandler()
 2 SYSTEMPATH/Router/Router.php(422): preg_match()
 3 SYSTEMPATH/Router/Router.php(184): CodeIgniter\Router\Router->checkRoutes()
 4 SYSTEMPATH/CodeIgniter.php(800): CodeIgniter\Router\Router->handle()
 5 SYSTEMPATH/CodeIgniter.php(442): CodeIgniter\CodeIgniter->tryToRouteIt()
 6 SYSTEMPATH/CodeIgniter.php(353): CodeIgniter\CodeIgniter->handleRequest()
 7 FCPATH/index.php(79): CodeIgniter\CodeIgniter->run()
CRITICAL - 2024-02-07 09:10:24 --> preg_match(): Compilation failed: missing closing parenthesis at offset 3
in SYSTEMPATH/Router/Router.php on line 422.
 1 [internal function]: CodeIgniter\Debug\Exceptions->errorHandler()
 2 SYSTEMPATH/Router/Router.php(422): preg_match()
 3 SYSTEMPATH/Router/Router.php(184): CodeIgniter\Router\Router->checkRoutes()
 4 SYSTEMPATH/CodeIgniter.php(800): CodeIgniter\Router\Router->handle()
 5 SYSTEMPATH/CodeIgniter.php(442): CodeIgniter\CodeIgniter->tryToRouteIt()
 6 SYSTEMPATH/CodeIgniter.php(353): CodeIgniter\CodeIgniter->handleRequest()
 7 FCPATH/index.php(79): CodeIgniter\CodeIgniter->run()
CRITICAL - 2024-02-07 09:15:56 --> preg_match(): Compilation failed: missing closing parenthesis at offset 3
in SYSTEMPATH/Router/Router.php on line 422.
 1 [internal function]: CodeIgniter\Debug\Exceptions->errorHandler()
 2 SYSTEMPATH/Router/Router.php(422): preg_match()
 3 SYSTEMPATH/Router/Router.php(184): CodeIgniter\Router\Router->checkRoutes()
 4 SYSTEMPATH/CodeIgniter.php(800): CodeIgniter\Router\Router->handle()
 5 SYSTEMPATH/CodeIgniter.php(442): CodeIgniter\CodeIgniter->tryToRouteIt()
 6 SYSTEMPATH/CodeIgniter.php(353): CodeIgniter\CodeIgniter->handleRequest()
 7 FCPATH/index.php(79): CodeIgniter\CodeIgniter->run()
CRITICAL - 2024-02-07 09:15:56 --> preg_match(): Compilation failed: missing closing parenthesis at offset 3
in SYSTEMPATH/Router/Router.php on line 422.
 1 [internal function]: CodeIgniter\Debug\Exceptions->errorHandler()
 2 SYSTEMPATH/Router/Router.php(422): preg_match()
 3 SYSTEMPATH/Router/Router.php(184): CodeIgniter\Router\Router->checkRoutes()
 4 SYSTEMPATH/CodeIgniter.php(800): CodeIgniter\Router\Router->handle()
 5 SYSTEMPATH/CodeIgniter.php(442): CodeIgniter\CodeIgniter->tryToRouteIt()
 6 SYSTEMPATH/CodeIgniter.php(353): CodeIgniter\CodeIgniter->handleRequest()
 7 FCPATH/index.php(79): CodeIgniter\CodeIgniter->run()
CRITICAL - 2024-02-07 12:35:20 --> The current node list is empty.
in FCPATH/Codeigniter/vendor/symfony/dom-crawler/Crawler.php on line 619.
 1 APPPATH/Models/WikiModel.php(20): Symfony\Component\DomCrawler\Crawler->html()
 2 APPPATH/Controllers/Wiki.php(36): App\Models\WikiModel->scrapeData()
 3 SYSTEMPATH/CodeIgniter.php(919): App\Controllers\Wiki->view()
 4 SYSTEMPATH/CodeIgniter.php(494): CodeIgniter\CodeIgniter->runController()
 5 SYSTEMPATH/CodeIgniter.php(353): CodeIgniter\CodeIgniter->handleRequest()
 6 FCPATH/index.php(79): CodeIgniter\CodeIgniter->run()
CRITICAL - 2024-02-07 16:41:53 --> preg_match(): Compilation failed: missing closing parenthesis at offset 3
in SYSTEMPATH/Router/Router.php on line 422.
 1 [internal function]: CodeIgniter\Debug\Exceptions->errorHandler()
 2 SYSTEMPATH/Router/Router.php(422): preg_match()
 3 SYSTEMPATH/Router/Router.php(184): CodeIgniter\Router\Router->checkRoutes()
 4 SYSTEMPATH/CodeIgniter.php(800): CodeIgniter\Router\Router->handle()
 5 SYSTEMPATH/CodeIgniter.php(442): CodeIgniter\CodeIgniter->tryToRouteIt()
 6 SYSTEMPATH/CodeIgniter.php(353): CodeIgniter\CodeIgniter->handleRequest()
 7 FCPATH/index.php(79): CodeIgniter\CodeIgniter->run()
CRITICAL - 2024-02-07 16:42:15 --> preg_match(): Compilation failed: missing closing parenthesis at offset 3
in SYSTEMPATH/Router/Router.php on line 422.
 1 [internal function]: CodeIgniter\Debug\Exceptions->errorHandler()
 2 SYSTEMPATH/Router/Router.php(422): preg_match()
 3 SYSTEMPATH/Router/Router.php(184): CodeIgniter\Router\Router->checkRoutes()
 4 SYSTEMPATH/CodeIgniter.php(800): CodeIgniter\Router\Router->handle()
 5 SYSTEMPATH/CodeIgniter.php(442): CodeIgniter\CodeIgniter->tryToRouteIt()
 6 SYSTEMPATH/CodeIgniter.php(353): CodeIgniter\CodeIgniter->handleRequest()
 7 FCPATH/index.php(79): CodeIgniter\CodeIgniter->run()
CRITICAL - 2024-02-07 16:42:16 --> preg_match(): Compilation failed: missing closing parenthesis at offset 3
in SYSTEMPATH/Router/Router.php on line 422.
 1 [internal function]: CodeIgniter\Debug\Exceptions->errorHandler()
 2 SYSTEMPATH/Router/Router.php(422): preg_match()
 3 SYSTEMPATH/Router/Router.php(184): CodeIgniter\Router\Router->checkRoutes()
 4 SYSTEMPATH/CodeIgniter.php(800): CodeIgniter\Router\Router->handle()
 5 SYSTEMPATH/CodeIgniter.php(442): CodeIgniter\CodeIgniter->tryToRouteIt()
 6 SYSTEMPATH/CodeIgniter.php(353): CodeIgniter\CodeIgniter->handleRequest()
 7 FCPATH/index.php(79): CodeIgniter\CodeIgniter->run()
CRITICAL - 2024-02-07 16:53:28 --> preg_match(): Compilation failed: missing closing parenthesis at offset 3
in SYSTEMPATH/Router/Router.php on line 422.
 1 [internal function]: CodeIgniter\Debug\Exceptions->errorHandler()
 2 SYSTEMPATH/Router/Router.php(422): preg_match()
 3 SYSTEMPATH/Router/Router.php(184): CodeIgniter\Router\Router->checkRoutes()
 4 SYSTEMPATH/CodeIgniter.php(800): CodeIgniter\Router\Router->handle()
 5 SYSTEMPATH/CodeIgniter.php(442): CodeIgniter\CodeIgniter->tryToRouteIt()
 6 SYSTEMPATH/CodeIgniter.php(353): CodeIgniter\CodeIgniter->handleRequest()
 7 FCPATH/index.php(79): CodeIgniter\CodeIgniter->run()
CRITICAL - 2024-02-07 17:03:32 --> preg_match(): Compilation failed: missing closing parenthesis at offset 3
in SYSTEMPATH/Router/Router.php on line 422.
 1 [internal function]: CodeIgniter\Debug\Exceptions->errorHandler()
 2 SYSTEMPATH/Router/Router.php(422): preg_match()
 3 SYSTEMPATH/Router/Router.php(184): CodeIgniter\Router\Router->checkRoutes()
 4 SYSTEMPATH/CodeIgniter.php(800): CodeIgniter\Router\Router->handle()
 5 SYSTEMPATH/CodeIgniter.php(442): CodeIgniter\CodeIgniter->tryToRouteIt()
 6 SYSTEMPATH/CodeIgniter.php(353): CodeIgniter\CodeIgniter->handleRequest()
 7 FCPATH/index.php(79): CodeIgniter\CodeIgniter->run()
CRITICAL - 2024-02-07 17:03:32 --> preg_match(): Compilation failed: missing closing parenthesis at offset 3
in SYSTEMPATH/Router/Router.php on line 422.
 1 [internal function]: CodeIgniter\Debug\Exceptions->errorHandler()
 2 SYSTEMPATH/Router/Router.php(422): preg_match()
 3 SYSTEMPATH/Router/Router.php(184): CodeIgniter\Router\Router->checkRoutes()
 4 SYSTEMPATH/CodeIgniter.php(800): CodeIgniter\Router\Router->handle()
 5 SYSTEMPATH/CodeIgniter.php(442): CodeIgniter\CodeIgniter->tryToRouteIt()
 6 SYSTEMPATH/CodeIgniter.php(353): CodeIgniter\CodeIgniter->handleRequest()
 7 FCPATH/index.php(79): CodeIgniter\CodeIgniter->run()
CRITICAL - 2024-02-07 17:08:53 --> preg_match(): Compilation failed: missing closing parenthesis at offset 3
in SYSTEMPATH/Router/Router.php on line 422.
 1 [internal function]: CodeIgniter\Debug\Exceptions->errorHandler()
 2 SYSTEMPATH/Router/Router.php(422): preg_match()
 3 SYSTEMPATH/Router/Router.php(184): CodeIgniter\Router\Router->checkRoutes()
 4 SYSTEMPATH/CodeIgniter.php(800): CodeIgniter\Router\Router->handle()
 5 SYSTEMPATH/CodeIgniter.php(442): CodeIgniter\CodeIgniter->tryToRouteIt()
 6 SYSTEMPATH/CodeIgniter.php(353): CodeIgniter\CodeIgniter->handleRequest()
 7 FCPATH/index.php(79): CodeIgniter\CodeIgniter->run()
CRITICAL - 2024-02-07 18:37:50 --> preg_match(): Compilation failed: missing closing parenthesis at offset 3
in SYSTEMPATH/Router/Router.php on line 422.
 1 [internal function]: CodeIgniter\Debug\Exceptions->errorHandler()
 2 SYSTEMPATH/Router/Router.php(422): preg_match()
 3 SYSTEMPATH/Router/Router.php(184): CodeIgniter\Router\Router->checkRoutes()
 4 SYSTEMPATH/CodeIgniter.php(800): CodeIgniter\Router\Router->handle()
 5 SYSTEMPATH/CodeIgniter.php(442): CodeIgniter\CodeIgniter->tryToRouteIt()
 6 SYSTEMPATH/CodeIgniter.php(353): CodeIgniter\CodeIgniter->handleRequest()
 7 FCPATH/index.php(79): CodeIgniter\CodeIgniter->run()
CRITICAL - 2024-02-07 18:42:39 --> preg_match(): Compilation failed: missing closing parenthesis at offset 3
in SYSTEMPATH/Router/Router.php on line 422.
 1 [internal function]: CodeIgniter\Debug\Exceptions->errorHandler()
 2 SYSTEMPATH/Router/Router.php(422): preg_match()
 3 SYSTEMPATH/Router/Router.php(184): CodeIgniter\Router\Router->checkRoutes()
 4 SYSTEMPATH/CodeIgniter.php(800): CodeIgniter\Router\Router->handle()
 5 SYSTEMPATH/CodeIgniter.php(442): CodeIgniter\CodeIgniter->tryToRouteIt()
 6 SYSTEMPATH/CodeIgniter.php(353): CodeIgniter\CodeIgniter->handleRequest()
 7 FCPATH/index.php(79): CodeIgniter\CodeIgniter->run()
CRITICAL - 2024-02-07 18:42:55 --> preg_match(): Compilation failed: missing closing parenthesis at offset 3
in SYSTEMPATH/Router/Router.php on line 422.
 1 [internal function]: CodeIgniter\Debug\Exceptions->errorHandler()
 2 SYSTEMPATH/Router/Router.php(422): preg_match()
 3 SYSTEMPATH/Router/Router.php(184): CodeIgniter\Router\Router->checkRoutes()
 4 SYSTEMPATH/CodeIgniter.php(800): CodeIgniter\Router\Router->handle()
 5 SYSTEMPATH/CodeIgniter.php(442): CodeIgniter\CodeIgniter->tryToRouteIt()
 6 SYSTEMPATH/CodeIgniter.php(353): CodeIgniter\CodeIgniter->handleRequest()
 7 FCPATH/index.php(79): CodeIgniter\CodeIgniter->run()
CRITICAL - 2024-02-07 18:43:10 --> preg_match(): Compilation failed: missing closing parenthesis at offset 3
in SYSTEMPATH/Router/Router.php on line 422.
 1 [internal function]: CodeIgniter\Debug\Exceptions->errorHandler()
 2 SYSTEMPATH/Router/Router.php(422): preg_match()
 3 SYSTEMPATH/Router/Router.php(184): CodeIgniter\Router\Router->checkRoutes()
 4 SYSTEMPATH/CodeIgniter.php(800): CodeIgniter\Router\Router->handle()
 5 SYSTEMPATH/CodeIgniter.php(442): CodeIgniter\CodeIgniter->tryToRouteIt()
 6 SYSTEMPATH/CodeIgniter.php(353): CodeIgniter\CodeIgniter->handleRequest()
 7 FCPATH/index.php(79): CodeIgniter\CodeIgniter->run()
CRITICAL - 2024-02-07 18:43:11 --> preg_match(): Compilation failed: missing closing parenthesis at offset 3
in SYSTEMPATH/Router/Router.php on line 422.
 1 [internal function]: CodeIgniter\Debug\Exceptions->errorHandler()
 2 SYSTEMPATH/Router/Router.php(422): preg_match()
 3 SYSTEMPATH/Router/Router.php(184): CodeIgniter\Router\Router->checkRoutes()
 4 SYSTEMPATH/CodeIgniter.php(800): CodeIgniter\Router\Router->handle()
 5 SYSTEMPATH/CodeIgniter.php(442): CodeIgniter\CodeIgniter->tryToRouteIt()
 6 SYSTEMPATH/CodeIgniter.php(353): CodeIgniter\CodeIgniter->handleRequest()
 7 FCPATH/index.php(79): CodeIgniter\CodeIgniter->run()
CRITICAL - 2024-02-07 18:43:12 --> preg_match(): Compilation failed: missing closing parenthesis at offset 3
in SYSTEMPATH/Router/Router.php on line 422.
 1 [internal function]: CodeIgniter\Debug\Exceptions->errorHandler()
 2 SYSTEMPATH/Router/Router.php(422): preg_match()
 3 SYSTEMPATH/Router/Router.php(184): CodeIgniter\Router\Router->checkRoutes()
 4 SYSTEMPATH/CodeIgniter.php(800): CodeIgniter\Router\Router->handle()
 5 SYSTEMPATH/CodeIgniter.php(442): CodeIgniter\CodeIgniter->tryToRouteIt()
 6 SYSTEMPATH/CodeIgniter.php(353): CodeIgniter\CodeIgniter->handleRequest()
 7 FCPATH/index.php(79): CodeIgniter\CodeIgniter->run()
CRITICAL - 2024-02-07 18:43:13 --> preg_match(): Compilation failed: missing closing parenthesis at offset 3
in SYSTEMPATH/Router/Router.php on line 422.
 1 [internal function]: CodeIgniter\Debug\Exceptions->errorHandler()
 2 SYSTEMPATH/Router/Router.php(422): preg_match()
 3 SYSTEMPATH/Router/Router.php(184): CodeIgniter\Router\Router->checkRoutes()
 4 SYSTEMPATH/CodeIgniter.php(800): CodeIgniter\Router\Router->handle()
 5 SYSTEMPATH/CodeIgniter.php(442): CodeIgniter\CodeIgniter->tryToRouteIt()
 6 SYSTEMPATH/CodeIgniter.php(353): CodeIgniter\CodeIgniter->handleRequest()
 7 FCPATH/index.php(79): CodeIgniter\CodeIgniter->run()
CRITICAL - 2024-02-07 19:00:35 --> preg_match(): Compilation failed: missing closing parenthesis at offset 3
in SYSTEMPATH/Router/Router.php on line 422.
 1 [internal function]: CodeIgniter\Debug\Exceptions->errorHandler()
 2 SYSTEMPATH/Router/Router.php(422): preg_match()
 3 SYSTEMPATH/Router/Router.php(184): CodeIgniter\Router\Router->checkRoutes()
 4 SYSTEMPATH/CodeIgniter.php(800): CodeIgniter\Router\Router->handle()
 5 SYSTEMPATH/CodeIgniter.php(442): CodeIgniter\CodeIgniter->tryToRouteIt()
 6 SYSTEMPATH/CodeIgniter.php(353): CodeIgniter\CodeIgniter->handleRequest()
 7 FCPATH/index.php(79): CodeIgniter\CodeIgniter->run()
CRITICAL - 2024-02-07 19:00:35 --> preg_match(): Compilation failed: missing closing parenthesis at offset 3
in SYSTEMPATH/Router/Router.php on line 422.
 1 [internal function]: CodeIgniter\Debug\Exceptions->errorHandler()
 2 SYSTEMPATH/Router/Router.php(422): preg_match()
 3 SYSTEMPATH/Router/Router.php(184): CodeIgniter\Router\Router->checkRoutes()
 4 SYSTEMPATH/CodeIgniter.php(800): CodeIgniter\Router\Router->handle()
 5 SYSTEMPATH/CodeIgniter.php(442): CodeIgniter\CodeIgniter->tryToRouteIt()
 6 SYSTEMPATH/CodeIgniter.php(353): CodeIgniter\CodeIgniter->handleRequest()
 7 FCPATH/index.php(79): CodeIgniter\CodeIgniter->run()
CRITICAL - 2024-02-07 19:04:35 --> preg_match(): Compilation failed: missing closing parenthesis at offset 3
in SYSTEMPATH/Router/Router.php on line 422.
 1 [internal function]: CodeIgniter\Debug\Exceptions->errorHandler()
 2 SYSTEMPATH/Router/Router.php(422): preg_match()
 3 SYSTEMPATH/Router/Router.php(184): CodeIgniter\Router\Router->checkRoutes()
 4 SYSTEMPATH/CodeIgniter.php(800): CodeIgniter\Router\Router->handle()
 5 SYSTEMPATH/CodeIgniter.php(442): CodeIgniter\CodeIgniter->tryToRouteIt()
 6 SYSTEMPATH/CodeIgniter.php(353): CodeIgniter\CodeIgniter->handleRequest()
 7 FCPATH/index.php(79): CodeIgniter\CodeIgniter->run()
CRITICAL - 2024-02-07 19:04:41 --> preg_match(): Compilation failed: missing closing parenthesis at offset 3
in SYSTEMPATH/Router/Router.php on line 422.
 1 [internal function]: CodeIgniter\Debug\Exceptions->errorHandler()
 2 SYSTEMPATH/Router/Router.php(422): preg_match()
 3 SYSTEMPATH/Router/Router.php(184): CodeIgniter\Router\Router->checkRoutes()
 4 SYSTEMPATH/CodeIgniter.php(800): CodeIgniter\Router\Router->handle()
 5 SYSTEMPATH/CodeIgniter.php(442): CodeIgniter\CodeIgniter->tryToRouteIt()
 6 SYSTEMPATH/CodeIgniter.php(353): CodeIgniter\CodeIgniter->handleRequest()
 7 FCPATH/index.php(79): CodeIgniter\CodeIgniter->run()
CRITICAL - 2024-02-07 19:04:45 --> preg_match(): Compilation failed: missing closing parenthesis at offset 3
in SYSTEMPATH/Router/Router.php on line 422.
 1 [internal function]: CodeIgniter\Debug\Exceptions->errorHandler()
 2 SYSTEMPATH/Router/Router.php(422): preg_match()
 3 SYSTEMPATH/Router/Router.php(184): CodeIgniter\Router\Router->checkRoutes()
 4 SYSTEMPATH/CodeIgniter.php(800): CodeIgniter\Router\Router->handle()
 5 SYSTEMPATH/CodeIgniter.php(442): CodeIgniter\CodeIgniter->tryToRouteIt()
 6 SYSTEMPATH/CodeIgniter.php(353): CodeIgniter\CodeIgniter->handleRequest()
 7 FCPATH/index.php(79): CodeIgniter\CodeIgniter->run()
CRITICAL - 2024-02-07 19:05:17 --> preg_match(): Compilation failed: missing closing parenthesis at offset 3
in SYSTEMPATH/Router/Router.php on line 422.
 1 [internal function]: CodeIgniter\Debug\Exceptions->errorHandler()
 2 SYSTEMPATH/Router/Router.php(422): preg_match()
 3 SYSTEMPATH/Router/Router.php(184): CodeIgniter\Router\Router->checkRoutes()
 4 SYSTEMPATH/CodeIgniter.php(800): CodeIgniter\Router\Router->handle()
 5 SYSTEMPATH/CodeIgniter.php(442): CodeIgniter\CodeIgniter->tryToRouteIt()
 6 SYSTEMPATH/CodeIgniter.php(353): CodeIgniter\CodeIgniter->handleRequest()
 7 FCPATH/index.php(79): CodeIgniter\CodeIgniter->run()
CRITICAL - 2024-02-07 19:05:53 --> preg_match(): Compilation failed: missing closing parenthesis at offset 3
in SYSTEMPATH/Router/Router.php on line 422.
 1 [internal function]: CodeIgniter\Debug\Exceptions->errorHandler()
 2 SYSTEMPATH/Router/Router.php(422): preg_match()
 3 SYSTEMPATH/Router/Router.php(184): CodeIgniter\Router\Router->checkRoutes()
 4 SYSTEMPATH/CodeIgniter.php(800): CodeIgniter\Router\Router->handle()
 5 SYSTEMPATH/CodeIgniter.php(442): CodeIgniter\CodeIgniter->tryToRouteIt()
 6 SYSTEMPATH/CodeIgniter.php(353): CodeIgniter\CodeIgniter->handleRequest()
 7 FCPATH/index.php(79): CodeIgniter\CodeIgniter->run()
CRITICAL - 2024-02-07 19:06:07 --> preg_match(): Compilation failed: missing closing parenthesis at offset 3
in SYSTEMPATH/Router/Router.php on line 422.
 1 [internal function]: CodeIgniter\Debug\Exceptions->errorHandler()
 2 SYSTEMPATH/Router/Router.php(422): preg_match()
 3 SYSTEMPATH/Router/Router.php(184): CodeIgniter\Router\Router->checkRoutes()
 4 SYSTEMPATH/CodeIgniter.php(800): CodeIgniter\Router\Router->handle()
 5 SYSTEMPATH/CodeIgniter.php(442): CodeIgniter\CodeIgniter->tryToRouteIt()
 6 SYSTEMPATH/CodeIgniter.php(353): CodeIgniter\CodeIgniter->handleRequest()
 7 FCPATH/index.php(79): CodeIgniter\CodeIgniter->run()
CRITICAL - 2024-02-07 19:06:26 --> preg_match(): Compilation failed: missing closing parenthesis at offset 3
in SYSTEMPATH/Router/Router.php on line 422.
 1 [internal function]: CodeIgniter\Debug\Exceptions->errorHandler()
 2 SYSTEMPATH/Router/Router.php(422): preg_match()
 3 SYSTEMPATH/Router/Router.php(184): CodeIgniter\Router\Router->checkRoutes()
 4 SYSTEMPATH/CodeIgniter.php(800): CodeIgniter\Router\Router->handle()
 5 SYSTEMPATH/CodeIgniter.php(442): CodeIgniter\CodeIgniter->tryToRouteIt()
 6 SYSTEMPATH/CodeIgniter.php(353): CodeIgniter\CodeIgniter->handleRequest()
 7 FCPATH/index.php(79): CodeIgniter\CodeIgniter->run()
CRITICAL - 2024-02-07 19:06:30 --> preg_match(): Compilation failed: missing closing parenthesis at offset 3
in SYSTEMPATH/Router/Router.php on line 422.
 1 [internal function]: CodeIgniter\Debug\Exceptions->errorHandler()
 2 SYSTEMPATH/Router/Router.php(422): preg_match()
 3 SYSTEMPATH/Router/Router.php(184): CodeIgniter\Router\Router->checkRoutes()
 4 SYSTEMPATH/CodeIgniter.php(800): CodeIgniter\Router\Router->handle()
 5 SYSTEMPATH/CodeIgniter.php(442): CodeIgniter\CodeIgniter->tryToRouteIt()
 6 SYSTEMPATH/CodeIgniter.php(353): CodeIgniter\CodeIgniter->handleRequest()
 7 FCPATH/index.php(79): CodeIgniter\CodeIgniter->run()
CRITICAL - 2024-02-07 19:06:32 --> preg_match(): Compilation failed: missing closing parenthesis at offset 3
in SYSTEMPATH/Router/Router.php on line 422.
 1 [internal function]: CodeIgniter\Debug\Exceptions->errorHandler()
 2 SYSTEMPATH/Router/Router.php(422): preg_match()
 3 SYSTEMPATH/Router/Router.php(184): CodeIgniter\Router\Router->checkRoutes()
 4 SYSTEMPATH/CodeIgniter.php(800): CodeIgniter\Router\Router->handle()
 5 SYSTEMPATH/CodeIgniter.php(442): CodeIgniter\CodeIgniter->tryToRouteIt()
 6 SYSTEMPATH/CodeIgniter.php(353): CodeIgniter\CodeIgniter->handleRequest()
 7 FCPATH/index.php(79): CodeIgniter\CodeIgniter->run()
CRITICAL - 2024-02-07 22:21:26 --> Could not resolve host: de.wikipedia.org for "https://de.wikipedia.org/wiki/Adersbach-Weckelsdorfer_Felsenstadt".
in FCPATH/Codeigniter/vendor/symfony/http-client/Chunk/ErrorChunk.php on line 56.
 1 FCPATH/Codeigniter/vendor/symfony/http-client/Response/CommonResponseTrait.php(144): Symfony\Component\HttpClient\Chunk\ErrorChunk->isFirst()
 2 FCPATH/Codeigniter/vendor/symfony/http-client/Response/CommonResponseTrait.php(41): Symfony\Component\HttpClient\Response\CurlResponse::initialize()
 3 FCPATH/Codeigniter/vendor/symfony/http-client/Response/CurlResponse.php(230): Symfony\Component\HttpClient\Response\CurlResponse->doGetContent()
 4 FCPATH/Codeigniter/vendor/symfony/browser-kit/HttpBrowser.php(57): Symfony\Component\HttpClient\Response\CurlResponse->getContent()
 5 FCPATH/Codeigniter/vendor/symfony/browser-kit/AbstractBrowser.php(403): Symfony\Component\BrowserKit\HttpBrowser->doRequest()
 6 APPPATH/Models/WikiModel.php(16): Symfony\Component\BrowserKit\AbstractBrowser->request()
 7 APPPATH/Controllers/Wiki.php(36): App\Models\WikiModel->scrapeData()
 8 SYSTEMPATH/CodeIgniter.php(919): App\Controllers\Wiki->view()
 9 SYSTEMPATH/CodeIgniter.php(494): CodeIgniter\CodeIgniter->runController()
10 SYSTEMPATH/CodeIgniter.php(353): CodeIgniter\CodeIgniter->handleRequest()
11 FCPATH/index.php(79): CodeIgniter\CodeIgniter->run()
