CRITICAL - 2024-02-13 09:39:54 --> preg_match(): Compilation failed: missing closing parenthesis at offset 3
in SYSTEMPATH/Router/Router.php on line 422.
 1 [internal function]: CodeIgniter\Debug\Exceptions->errorHandler()
 2 SYSTEMPATH/Router/Router.php(422): preg_match()
 3 SYSTEMPATH/Router/Router.php(184): CodeIgniter\Router\Router->checkRoutes()
 4 SYSTEMPATH/CodeIgniter.php(800): CodeIgniter\Router\Router->handle()
 5 SYSTEMPATH/CodeIgniter.php(442): CodeIgniter\CodeIgniter->tryToRouteIt()
 6 SYSTEMPATH/CodeIgniter.php(353): CodeIgniter\CodeIgniter->handleRequest()
 7 FCPATH/index.php(79): CodeIgniter\CodeIgniter->run()
CRITICAL - 2024-02-13 09:40:17 --> preg_match(): Compilation failed: missing closing parenthesis at offset 3
in SYSTEMPATH/Router/Router.php on line 422.
 1 [internal function]: CodeIgniter\Debug\Exceptions->errorHandler()
 2 SYSTEMPATH/Router/Router.php(422): preg_match()
 3 SYSTEMPATH/Router/Router.php(184): CodeIgniter\Router\Router->checkRoutes()
 4 SYSTEMPATH/CodeIgniter.php(800): CodeIgniter\Router\Router->handle()
 5 SYSTEMPATH/CodeIgniter.php(442): CodeIgniter\CodeIgniter->tryToRouteIt()
 6 SYSTEMPATH/CodeIgniter.php(353): CodeIgniter\CodeIgniter->handleRequest()
 7 FCPATH/index.php(79): CodeIgniter\CodeIgniter->run()
CRITICAL - 2024-02-13 09:40:18 --> preg_match(): Compilation failed: missing closing parenthesis at offset 3
in SYSTEMPATH/Router/Router.php on line 422.
 1 [internal function]: CodeIgniter\Debug\Exceptions->errorHandler()
 2 SYSTEMPATH/Router/Router.php(422): preg_match()
 3 SYSTEMPATH/Router/Router.php(184): CodeIgniter\Router\Router->checkRoutes()
 4 SYSTEMPATH/CodeIgniter.php(800): CodeIgniter\Router\Router->handle()
 5 SYSTEMPATH/CodeIgniter.php(442): CodeIgniter\CodeIgniter->tryToRouteIt()
 6 SYSTEMPATH/CodeIgniter.php(353): CodeIgniter\CodeIgniter->handleRequest()
 7 FCPATH/index.php(79): CodeIgniter\CodeIgniter->run()
CRITICAL - 2024-02-13 09:51:51 --> preg_match(): Compilation failed: missing closing parenthesis at offset 3
in SYSTEMPATH/Router/Router.php on line 422.
 1 [internal function]: CodeIgniter\Debug\Exceptions->errorHandler()
 2 SYSTEMPATH/Router/Router.php(422): preg_match()
 3 SYSTEMPATH/Router/Router.php(184): CodeIgniter\Router\Router->checkRoutes()
 4 SYSTEMPATH/CodeIgniter.php(800): CodeIgniter\Router\Router->handle()
 5 SYSTEMPATH/CodeIgniter.php(442): CodeIgniter\CodeIgniter->tryToRouteIt()
 6 SYSTEMPATH/CodeIgniter.php(353): CodeIgniter\CodeIgniter->handleRequest()
 7 FCPATH/index.php(79): CodeIgniter\CodeIgniter->run()
CRITICAL - 2024-02-13 10:01:01 --> preg_match(): Compilation failed: missing closing parenthesis at offset 3
in SYSTEMPATH/Router/Router.php on line 422.
 1 [internal function]: CodeIgniter\Debug\Exceptions->errorHandler()
 2 SYSTEMPATH/Router/Router.php(422): preg_match()
 3 SYSTEMPATH/Router/Router.php(184): CodeIgniter\Router\Router->checkRoutes()
 4 SYSTEMPATH/CodeIgniter.php(800): CodeIgniter\Router\Router->handle()
 5 SYSTEMPATH/CodeIgniter.php(442): CodeIgniter\CodeIgniter->tryToRouteIt()
 6 SYSTEMPATH/CodeIgniter.php(353): CodeIgniter\CodeIgniter->handleRequest()
 7 FCPATH/index.php(79): CodeIgniter\CodeIgniter->run()
CRITICAL - 2024-02-13 10:01:01 --> preg_match(): Compilation failed: missing closing parenthesis at offset 3
in SYSTEMPATH/Router/Router.php on line 422.
 1 [internal function]: CodeIgniter\Debug\Exceptions->errorHandler()
 2 SYSTEMPATH/Router/Router.php(422): preg_match()
 3 SYSTEMPATH/Router/Router.php(184): CodeIgniter\Router\Router->checkRoutes()
 4 SYSTEMPATH/CodeIgniter.php(800): CodeIgniter\Router\Router->handle()
 5 SYSTEMPATH/CodeIgniter.php(442): CodeIgniter\CodeIgniter->tryToRouteIt()
 6 SYSTEMPATH/CodeIgniter.php(353): CodeIgniter\CodeIgniter->handleRequest()
 7 FCPATH/index.php(79): CodeIgniter\CodeIgniter->run()
CRITICAL - 2024-02-13 10:07:03 --> preg_match(): Compilation failed: missing closing parenthesis at offset 3
in SYSTEMPATH/Router/Router.php on line 422.
 1 [internal function]: CodeIgniter\Debug\Exceptions->errorHandler()
 2 SYSTEMPATH/Router/Router.php(422): preg_match()
 3 SYSTEMPATH/Router/Router.php(184): CodeIgniter\Router\Router->checkRoutes()
 4 SYSTEMPATH/CodeIgniter.php(800): CodeIgniter\Router\Router->handle()
 5 SYSTEMPATH/CodeIgniter.php(442): CodeIgniter\CodeIgniter->tryToRouteIt()
 6 SYSTEMPATH/CodeIgniter.php(353): CodeIgniter\CodeIgniter->handleRequest()
 7 FCPATH/index.php(79): CodeIgniter\CodeIgniter->run()
CRITICAL - 2024-02-13 11:40:46 --> preg_match(): Compilation failed: missing closing parenthesis at offset 3
in SYSTEMPATH/Router/Router.php on line 422.
 1 [internal function]: CodeIgniter\Debug\Exceptions->errorHandler()
 2 SYSTEMPATH/Router/Router.php(422): preg_match()
 3 SYSTEMPATH/Router/Router.php(184): CodeIgniter\Router\Router->checkRoutes()
 4 SYSTEMPATH/CodeIgniter.php(800): CodeIgniter\Router\Router->handle()
 5 SYSTEMPATH/CodeIgniter.php(442): CodeIgniter\CodeIgniter->tryToRouteIt()
 6 SYSTEMPATH/CodeIgniter.php(353): CodeIgniter\CodeIgniter->handleRequest()
 7 FCPATH/index.php(79): CodeIgniter\CodeIgniter->run()
CRITICAL - 2024-02-13 11:46:25 --> preg_match(): Compilation failed: missing closing parenthesis at offset 3
in SYSTEMPATH/Router/Router.php on line 422.
 1 [internal function]: CodeIgniter\Debug\Exceptions->errorHandler()
 2 SYSTEMPATH/Router/Router.php(422): preg_match()
 3 SYSTEMPATH/Router/Router.php(184): CodeIgniter\Router\Router->checkRoutes()
 4 SYSTEMPATH/CodeIgniter.php(800): CodeIgniter\Router\Router->handle()
 5 SYSTEMPATH/CodeIgniter.php(442): CodeIgniter\CodeIgniter->tryToRouteIt()
 6 SYSTEMPATH/CodeIgniter.php(353): CodeIgniter\CodeIgniter->handleRequest()
 7 FCPATH/index.php(79): CodeIgniter\CodeIgniter->run()
CRITICAL - 2024-02-13 11:46:30 --> preg_match(): Compilation failed: missing closing parenthesis at offset 3
in SYSTEMPATH/Router/Router.php on line 422.
 1 [internal function]: CodeIgniter\Debug\Exceptions->errorHandler()
 2 SYSTEMPATH/Router/Router.php(422): preg_match()
 3 SYSTEMPATH/Router/Router.php(184): CodeIgniter\Router\Router->checkRoutes()
 4 SYSTEMPATH/CodeIgniter.php(800): CodeIgniter\Router\Router->handle()
 5 SYSTEMPATH/CodeIgniter.php(442): CodeIgniter\CodeIgniter->tryToRouteIt()
 6 SYSTEMPATH/CodeIgniter.php(353): CodeIgniter\CodeIgniter->handleRequest()
 7 FCPATH/index.php(79): CodeIgniter\CodeIgniter->run()
CRITICAL - 2024-02-13 11:47:01 --> preg_match(): Compilation failed: missing closing parenthesis at offset 3
in SYSTEMPATH/Router/Router.php on line 422.
 1 [internal function]: CodeIgniter\Debug\Exceptions->errorHandler()
 2 SYSTEMPATH/Router/Router.php(422): preg_match()
 3 SYSTEMPATH/Router/Router.php(184): CodeIgniter\Router\Router->checkRoutes()
 4 SYSTEMPATH/CodeIgniter.php(800): CodeIgniter\Router\Router->handle()
 5 SYSTEMPATH/CodeIgniter.php(442): CodeIgniter\CodeIgniter->tryToRouteIt()
 6 SYSTEMPATH/CodeIgniter.php(353): CodeIgniter\CodeIgniter->handleRequest()
 7 FCPATH/index.php(79): CodeIgniter\CodeIgniter->run()
CRITICAL - 2024-02-13 11:47:04 --> preg_match(): Compilation failed: missing closing parenthesis at offset 3
in SYSTEMPATH/Router/Router.php on line 422.
 1 [internal function]: CodeIgniter\Debug\Exceptions->errorHandler()
 2 SYSTEMPATH/Router/Router.php(422): preg_match()
 3 SYSTEMPATH/Router/Router.php(184): CodeIgniter\Router\Router->checkRoutes()
 4 SYSTEMPATH/CodeIgniter.php(800): CodeIgniter\Router\Router->handle()
 5 SYSTEMPATH/CodeIgniter.php(442): CodeIgniter\CodeIgniter->tryToRouteIt()
 6 SYSTEMPATH/CodeIgniter.php(353): CodeIgniter\CodeIgniter->handleRequest()
 7 FCPATH/index.php(79): CodeIgniter\CodeIgniter->run()
CRITICAL - 2024-02-13 11:47:04 --> preg_match(): Compilation failed: missing closing parenthesis at offset 3
in SYSTEMPATH/Router/Router.php on line 422.
 1 [internal function]: CodeIgniter\Debug\Exceptions->errorHandler()
 2 SYSTEMPATH/Router/Router.php(422): preg_match()
 3 SYSTEMPATH/Router/Router.php(184): CodeIgniter\Router\Router->checkRoutes()
 4 SYSTEMPATH/CodeIgniter.php(800): CodeIgniter\Router\Router->handle()
 5 SYSTEMPATH/CodeIgniter.php(442): CodeIgniter\CodeIgniter->tryToRouteIt()
 6 SYSTEMPATH/CodeIgniter.php(353): CodeIgniter\CodeIgniter->handleRequest()
 7 FCPATH/index.php(79): CodeIgniter\CodeIgniter->run()
CRITICAL - 2024-02-13 11:47:05 --> preg_match(): Compilation failed: missing closing parenthesis at offset 3
in SYSTEMPATH/Router/Router.php on line 422.
 1 [internal function]: CodeIgniter\Debug\Exceptions->errorHandler()
 2 SYSTEMPATH/Router/Router.php(422): preg_match()
 3 SYSTEMPATH/Router/Router.php(184): CodeIgniter\Router\Router->checkRoutes()
 4 SYSTEMPATH/CodeIgniter.php(800): CodeIgniter\Router\Router->handle()
 5 SYSTEMPATH/CodeIgniter.php(442): CodeIgniter\CodeIgniter->tryToRouteIt()
 6 SYSTEMPATH/CodeIgniter.php(353): CodeIgniter\CodeIgniter->handleRequest()
 7 FCPATH/index.php(79): CodeIgniter\CodeIgniter->run()
CRITICAL - 2024-02-13 12:07:59 --> preg_match(): Compilation failed: missing closing parenthesis at offset 3
in SYSTEMPATH/Router/Router.php on line 422.
 1 [internal function]: CodeIgniter\Debug\Exceptions->errorHandler()
 2 SYSTEMPATH/Router/Router.php(422): preg_match()
 3 SYSTEMPATH/Router/Router.php(184): CodeIgniter\Router\Router->checkRoutes()
 4 SYSTEMPATH/CodeIgniter.php(800): CodeIgniter\Router\Router->handle()
 5 SYSTEMPATH/CodeIgniter.php(442): CodeIgniter\CodeIgniter->tryToRouteIt()
 6 SYSTEMPATH/CodeIgniter.php(353): CodeIgniter\CodeIgniter->handleRequest()
 7 FCPATH/index.php(79): CodeIgniter\CodeIgniter->run()
CRITICAL - 2024-02-13 12:08:01 --> preg_match(): Compilation failed: missing closing parenthesis at offset 3
in SYSTEMPATH/Router/Router.php on line 422.
 1 [internal function]: CodeIgniter\Debug\Exceptions->errorHandler()
 2 SYSTEMPATH/Router/Router.php(422): preg_match()
 3 SYSTEMPATH/Router/Router.php(184): CodeIgniter\Router\Router->checkRoutes()
 4 SYSTEMPATH/CodeIgniter.php(800): CodeIgniter\Router\Router->handle()
 5 SYSTEMPATH/CodeIgniter.php(442): CodeIgniter\CodeIgniter->tryToRouteIt()
 6 SYSTEMPATH/CodeIgniter.php(353): CodeIgniter\CodeIgniter->handleRequest()
 7 FCPATH/index.php(79): CodeIgniter\CodeIgniter->run()
CRITICAL - 2024-02-13 12:12:00 --> preg_match(): Compilation failed: missing closing parenthesis at offset 3
in SYSTEMPATH/Router/Router.php on line 422.
 1 [internal function]: CodeIgniter\Debug\Exceptions->errorHandler()
 2 SYSTEMPATH/Router/Router.php(422): preg_match()
 3 SYSTEMPATH/Router/Router.php(184): CodeIgniter\Router\Router->checkRoutes()
 4 SYSTEMPATH/CodeIgniter.php(800): CodeIgniter\Router\Router->handle()
 5 SYSTEMPATH/CodeIgniter.php(442): CodeIgniter\CodeIgniter->tryToRouteIt()
 6 SYSTEMPATH/CodeIgniter.php(353): CodeIgniter\CodeIgniter->handleRequest()
 7 FCPATH/index.php(79): CodeIgniter\CodeIgniter->run()
CRITICAL - 2024-02-13 12:12:05 --> preg_match(): Compilation failed: missing closing parenthesis at offset 3
in SYSTEMPATH/Router/Router.php on line 422.
 1 [internal function]: CodeIgniter\Debug\Exceptions->errorHandler()
 2 SYSTEMPATH/Router/Router.php(422): preg_match()
 3 SYSTEMPATH/Router/Router.php(184): CodeIgniter\Router\Router->checkRoutes()
 4 SYSTEMPATH/CodeIgniter.php(800): CodeIgniter\Router\Router->handle()
 5 SYSTEMPATH/CodeIgniter.php(442): CodeIgniter\CodeIgniter->tryToRouteIt()
 6 SYSTEMPATH/CodeIgniter.php(353): CodeIgniter\CodeIgniter->handleRequest()
 7 FCPATH/index.php(79): CodeIgniter\CodeIgniter->run()
CRITICAL - 2024-02-13 12:12:09 --> preg_match(): Compilation failed: missing closing parenthesis at offset 3
in SYSTEMPATH/Router/Router.php on line 422.
 1 [internal function]: CodeIgniter\Debug\Exceptions->errorHandler()
 2 SYSTEMPATH/Router/Router.php(422): preg_match()
 3 SYSTEMPATH/Router/Router.php(184): CodeIgniter\Router\Router->checkRoutes()
 4 SYSTEMPATH/CodeIgniter.php(800): CodeIgniter\Router\Router->handle()
 5 SYSTEMPATH/CodeIgniter.php(442): CodeIgniter\CodeIgniter->tryToRouteIt()
 6 SYSTEMPATH/CodeIgniter.php(353): CodeIgniter\CodeIgniter->handleRequest()
 7 FCPATH/index.php(79): CodeIgniter\CodeIgniter->run()
CRITICAL - 2024-02-13 12:12:41 --> preg_match(): Compilation failed: missing closing parenthesis at offset 3
in SYSTEMPATH/Router/Router.php on line 422.
 1 [internal function]: CodeIgniter\Debug\Exceptions->errorHandler()
 2 SYSTEMPATH/Router/Router.php(422): preg_match()
 3 SYSTEMPATH/Router/Router.php(184): CodeIgniter\Router\Router->checkRoutes()
 4 SYSTEMPATH/CodeIgniter.php(800): CodeIgniter\Router\Router->handle()
 5 SYSTEMPATH/CodeIgniter.php(442): CodeIgniter\CodeIgniter->tryToRouteIt()
 6 SYSTEMPATH/CodeIgniter.php(353): CodeIgniter\CodeIgniter->handleRequest()
 7 FCPATH/index.php(79): CodeIgniter\CodeIgniter->run()
CRITICAL - 2024-02-13 12:13:47 --> preg_match(): Compilation failed: missing closing parenthesis at offset 3
in SYSTEMPATH/Router/Router.php on line 422.
 1 [internal function]: CodeIgniter\Debug\Exceptions->errorHandler()
 2 SYSTEMPATH/Router/Router.php(422): preg_match()
 3 SYSTEMPATH/Router/Router.php(184): CodeIgniter\Router\Router->checkRoutes()
 4 SYSTEMPATH/CodeIgniter.php(800): CodeIgniter\Router\Router->handle()
 5 SYSTEMPATH/CodeIgniter.php(442): CodeIgniter\CodeIgniter->tryToRouteIt()
 6 SYSTEMPATH/CodeIgniter.php(353): CodeIgniter\CodeIgniter->handleRequest()
 7 FCPATH/index.php(79): CodeIgniter\CodeIgniter->run()
CRITICAL - 2024-02-13 12:13:54 --> preg_match(): Compilation failed: missing closing parenthesis at offset 3
in SYSTEMPATH/Router/Router.php on line 422.
 1 [internal function]: CodeIgniter\Debug\Exceptions->errorHandler()
 2 SYSTEMPATH/Router/Router.php(422): preg_match()
 3 SYSTEMPATH/Router/Router.php(184): CodeIgniter\Router\Router->checkRoutes()
 4 SYSTEMPATH/CodeIgniter.php(800): CodeIgniter\Router\Router->handle()
 5 SYSTEMPATH/CodeIgniter.php(442): CodeIgniter\CodeIgniter->tryToRouteIt()
 6 SYSTEMPATH/CodeIgniter.php(353): CodeIgniter\CodeIgniter->handleRequest()
 7 FCPATH/index.php(79): CodeIgniter\CodeIgniter->run()
CRITICAL - 2024-02-13 12:14:20 --> preg_match(): Compilation failed: missing closing parenthesis at offset 3
in SYSTEMPATH/Router/Router.php on line 422.
 1 [internal function]: CodeIgniter\Debug\Exceptions->errorHandler()
 2 SYSTEMPATH/Router/Router.php(422): preg_match()
 3 SYSTEMPATH/Router/Router.php(184): CodeIgniter\Router\Router->checkRoutes()
 4 SYSTEMPATH/CodeIgniter.php(800): CodeIgniter\Router\Router->handle()
 5 SYSTEMPATH/CodeIgniter.php(442): CodeIgniter\CodeIgniter->tryToRouteIt()
 6 SYSTEMPATH/CodeIgniter.php(353): CodeIgniter\CodeIgniter->handleRequest()
 7 FCPATH/index.php(79): CodeIgniter\CodeIgniter->run()
CRITICAL - 2024-02-13 12:14:27 --> preg_match(): Compilation failed: missing closing parenthesis at offset 3
in SYSTEMPATH/Router/Router.php on line 422.
 1 [internal function]: CodeIgniter\Debug\Exceptions->errorHandler()
 2 SYSTEMPATH/Router/Router.php(422): preg_match()
 3 SYSTEMPATH/Router/Router.php(184): CodeIgniter\Router\Router->checkRoutes()
 4 SYSTEMPATH/CodeIgniter.php(800): CodeIgniter\Router\Router->handle()
 5 SYSTEMPATH/CodeIgniter.php(442): CodeIgniter\CodeIgniter->tryToRouteIt()
 6 SYSTEMPATH/CodeIgniter.php(353): CodeIgniter\CodeIgniter->handleRequest()
 7 FCPATH/index.php(79): CodeIgniter\CodeIgniter->run()
CRITICAL - 2024-02-13 12:14:29 --> preg_match(): Compilation failed: missing closing parenthesis at offset 3
in SYSTEMPATH/Router/Router.php on line 422.
 1 [internal function]: CodeIgniter\Debug\Exceptions->errorHandler()
 2 SYSTEMPATH/Router/Router.php(422): preg_match()
 3 SYSTEMPATH/Router/Router.php(184): CodeIgniter\Router\Router->checkRoutes()
 4 SYSTEMPATH/CodeIgniter.php(800): CodeIgniter\Router\Router->handle()
 5 SYSTEMPATH/CodeIgniter.php(442): CodeIgniter\CodeIgniter->tryToRouteIt()
 6 SYSTEMPATH/CodeIgniter.php(353): CodeIgniter\CodeIgniter->handleRequest()
 7 FCPATH/index.php(79): CodeIgniter\CodeIgniter->run()
CRITICAL - 2024-02-13 18:07:58 --> Idle timeout reached for "https://de.wikipedia.org/wiki/Michel_Alibo".
in FCPATH/Codeigniter/vendor/symfony/http-client/Chunk/ErrorChunk.php on line 56.
 1 FCPATH/Codeigniter/vendor/symfony/http-client/Response/CommonResponseTrait.php(144): Symfony\Component\HttpClient\Chunk\ErrorChunk->isFirst()
 2 FCPATH/Codeigniter/vendor/symfony/http-client/Response/CommonResponseTrait.php(41): Symfony\Component\HttpClient\Response\CurlResponse::initialize()
 3 FCPATH/Codeigniter/vendor/symfony/http-client/Response/CurlResponse.php(230): Symfony\Component\HttpClient\Response\CurlResponse->doGetContent()
 4 FCPATH/Codeigniter/vendor/symfony/browser-kit/HttpBrowser.php(57): Symfony\Component\HttpClient\Response\CurlResponse->getContent()
 5 FCPATH/Codeigniter/vendor/symfony/browser-kit/AbstractBrowser.php(403): Symfony\Component\BrowserKit\HttpBrowser->doRequest()
 6 APPPATH/Models/WikiModel.php(16): Symfony\Component\BrowserKit\AbstractBrowser->request()
 7 APPPATH/Controllers/Wiki.php(36): App\Models\WikiModel->scrapeData()
 8 SYSTEMPATH/CodeIgniter.php(919): App\Controllers\Wiki->view()
 9 SYSTEMPATH/CodeIgniter.php(494): CodeIgniter\CodeIgniter->runController()
10 SYSTEMPATH/CodeIgniter.php(353): CodeIgniter\CodeIgniter->handleRequest()
11 FCPATH/index.php(79): CodeIgniter\CodeIgniter->run()
