WARNING - 2024-01-25 00:03:36 --> [DEPRECATED] str_replace(): Passing null to parameter #3 ($subject) of type array|string is deprecated in APPPATH/Controllers/Home.php on line 15.
 1 APPPATH/Controllers/Home.php(15): str_replace(' ', '_', null)
 2 SYSTEMPATH/CodeIgniter.php(919): App\Controllers\Home->index()
 3 SYSTEMPATH/CodeIgniter.php(494): CodeIgniter\CodeIgniter->runController(Object(App\Controllers\Home))
 4 SYSTEMPATH/CodeIgniter.php(353): CodeIgniter\CodeIgniter->handleRequest(null, Object(Config\Cache), false)
 5 FCPATH/index.php(79): CodeIgniter\CodeIgniter->run()
WARNING - 2024-01-25 00:03:36 --> [DEPRECATED] Since fabpot/goutte 4.0: The "Goutte\Client" class is deprecated, use "Symfony\Component\BrowserKit\HttpBrowser" instead. in FCPATH/Codeigniter/vendor/symfony/deprecation-contracts/function.php on line 25.
 1 FCPATH/Codeigniter/vendor/symfony/deprecation-contracts/function.php(25): trigger_error('Since fabpot/goutte 4.0: The "Goutte\\Client" class is deprecated, use "Symfony\\Component\\BrowserKit\\HttpBrowser" instead.', 16384)
 2 FCPATH/Codeigniter/vendor/fabpot/goutte/Goutte/Client.php(28): trigger_deprecation('fabpot/goutte', '4.0', 'The "%s" class is deprecated, use "%s" instead.', 'Goutte\\Client', 'Symfony\\Component\\BrowserKit\\HttpBrowser')
 3 APPPATH/Models/ScrapingModel.php(12): Goutte\Client->__construct()
 4 APPPATH/Controllers/Home.php(19): App\Models\ScrapingModel->scrapeData('https://de.wikipedia.org/wiki/')
 5 SYSTEMPATH/CodeIgniter.php(919): App\Controllers\Home->index()
 6 SYSTEMPATH/CodeIgniter.php(494): CodeIgniter\CodeIgniter->runController(Object(App\Controllers\Home))
 7 SYSTEMPATH/CodeIgniter.php(353): CodeIgniter\CodeIgniter->handleRequest(null, Object(Config\Cache), false)
 8 FCPATH/index.php(79): CodeIgniter\CodeIgniter->run()
WARNING - 2024-01-25 00:03:43 --> [DEPRECATED] str_replace(): Passing null to parameter #3 ($subject) of type array|string is deprecated in APPPATH/Controllers/Home.php on line 15.
 1 APPPATH/Controllers/Home.php(15): str_replace(' ', '_', null)
 2 SYSTEMPATH/CodeIgniter.php(919): App\Controllers\Home->index()
 3 SYSTEMPATH/CodeIgniter.php(494): CodeIgniter\CodeIgniter->runController(Object(App\Controllers\Home))
 4 SYSTEMPATH/CodeIgniter.php(353): CodeIgniter\CodeIgniter->handleRequest(null, Object(Config\Cache), false)
 5 FCPATH/index.php(79): CodeIgniter\CodeIgniter->run()
WARNING - 2024-01-25 00:03:43 --> [DEPRECATED] Since fabpot/goutte 4.0: The "Goutte\Client" class is deprecated, use "Symfony\Component\BrowserKit\HttpBrowser" instead. in FCPATH/Codeigniter/vendor/symfony/deprecation-contracts/function.php on line 25.
 1 FCPATH/Codeigniter/vendor/symfony/deprecation-contracts/function.php(25): trigger_error('Since fabpot/goutte 4.0: The "Goutte\\Client" class is deprecated, use "Symfony\\Component\\BrowserKit\\HttpBrowser" instead.', 16384)
 2 FCPATH/Codeigniter/vendor/fabpot/goutte/Goutte/Client.php(28): trigger_deprecation('fabpot/goutte', '4.0', 'The "%s" class is deprecated, use "%s" instead.', 'Goutte\\Client', 'Symfony\\Component\\BrowserKit\\HttpBrowser')
 3 APPPATH/Models/ScrapingModel.php(12): Goutte\Client->__construct()
 4 APPPATH/Controllers/Home.php(19): App\Models\ScrapingModel->scrapeData('https://de.wikipedia.org/wiki/')
 5 SYSTEMPATH/CodeIgniter.php(919): App\Controllers\Home->index()
 6 SYSTEMPATH/CodeIgniter.php(494): CodeIgniter\CodeIgniter->runController(Object(App\Controllers\Home))
 7 SYSTEMPATH/CodeIgniter.php(353): CodeIgniter\CodeIgniter->handleRequest(null, Object(Config\Cache), false)
 8 FCPATH/index.php(79): CodeIgniter\CodeIgniter->run()
WARNING - 2024-01-25 00:08:12 --> [DEPRECATED] str_replace(): Passing null to parameter #3 ($subject) of type array|string is deprecated in APPPATH/Controllers/Home.php on line 15.
 1 APPPATH/Controllers/Home.php(15): str_replace(' ', '_', null)
 2 SYSTEMPATH/CodeIgniter.php(919): App\Controllers\Home->index()
 3 SYSTEMPATH/CodeIgniter.php(494): CodeIgniter\CodeIgniter->runController(Object(App\Controllers\Home))
 4 SYSTEMPATH/CodeIgniter.php(353): CodeIgniter\CodeIgniter->handleRequest(null, Object(Config\Cache), false)
 5 FCPATH/index.php(79): CodeIgniter\CodeIgniter->run()
WARNING - 2024-01-25 00:08:12 --> [DEPRECATED] Since fabpot/goutte 4.0: The "Goutte\Client" class is deprecated, use "Symfony\Component\BrowserKit\HttpBrowser" instead. in FCPATH/Codeigniter/vendor/symfony/deprecation-contracts/function.php on line 25.
 1 FCPATH/Codeigniter/vendor/symfony/deprecation-contracts/function.php(25): trigger_error('Since fabpot/goutte 4.0: The "Goutte\\Client" class is deprecated, use "Symfony\\Component\\BrowserKit\\HttpBrowser" instead.', 16384)
 2 FCPATH/Codeigniter/vendor/fabpot/goutte/Goutte/Client.php(28): trigger_deprecation('fabpot/goutte', '4.0', 'The "%s" class is deprecated, use "%s" instead.', 'Goutte\\Client', 'Symfony\\Component\\BrowserKit\\HttpBrowser')
 3 APPPATH/Models/ScrapingModel.php(12): Goutte\Client->__construct()
 4 APPPATH/Controllers/Home.php(19): App\Models\ScrapingModel->scrapeData('https://de.wikipedia.org/wiki/')
 5 SYSTEMPATH/CodeIgniter.php(919): App\Controllers\Home->index()
 6 SYSTEMPATH/CodeIgniter.php(494): CodeIgniter\CodeIgniter->runController(Object(App\Controllers\Home))
 7 SYSTEMPATH/CodeIgniter.php(353): CodeIgniter\CodeIgniter->handleRequest(null, Object(Config\Cache), false)
 8 FCPATH/index.php(79): CodeIgniter\CodeIgniter->run()
WARNING - 2024-01-25 00:13:43 --> [DEPRECATED] Since fabpot/goutte 4.0: The "Goutte\Client" class is deprecated, use "Symfony\Component\BrowserKit\HttpBrowser" instead. in FCPATH/Codeigniter/vendor/symfony/deprecation-contracts/function.php on line 25.
 1 FCPATH/Codeigniter/vendor/symfony/deprecation-contracts/function.php(25): trigger_error('Since fabpot/goutte 4.0: The "Goutte\\Client" class is deprecated, use "Symfony\\Component\\BrowserKit\\HttpBrowser" instead.', 16384)
 2 FCPATH/Codeigniter/vendor/fabpot/goutte/Goutte/Client.php(28): trigger_deprecation('fabpot/goutte', '4.0', 'The "%s" class is deprecated, use "%s" instead.', 'Goutte\\Client', 'Symfony\\Component\\BrowserKit\\HttpBrowser')
 3 APPPATH/Models/WikiModel.php(13): Goutte\Client->__construct()
 4 APPPATH/Controllers/Wiki.php(36): App\Models\WikiModel->scrapeData('https://de.wikipedia.org/wiki/Wikipedia:Presse', 'Wikipedia:Presse')
 5 SYSTEMPATH/CodeIgniter.php(919): App\Controllers\Wiki->view('Wikipedia:Presse')
 6 SYSTEMPATH/CodeIgniter.php(494): CodeIgniter\CodeIgniter->runController(Object(App\Controllers\Wiki))
 7 SYSTEMPATH/CodeIgniter.php(353): CodeIgniter\CodeIgniter->handleRequest(null, Object(Config\Cache), false)
 8 FCPATH/index.php(79): CodeIgniter\CodeIgniter->run()
WARNING - 2024-01-25 00:18:26 --> [DEPRECATED] str_replace(): Passing null to parameter #3 ($subject) of type array|string is deprecated in APPPATH/Controllers/Home.php on line 15.
 1 APPPATH/Controllers/Home.php(15): str_replace(' ', '_', null)
 2 SYSTEMPATH/CodeIgniter.php(919): App\Controllers\Home->index()
 3 SYSTEMPATH/CodeIgniter.php(494): CodeIgniter\CodeIgniter->runController(Object(App\Controllers\Home))
 4 SYSTEMPATH/CodeIgniter.php(353): CodeIgniter\CodeIgniter->handleRequest(null, Object(Config\Cache), false)
 5 FCPATH/index.php(79): CodeIgniter\CodeIgniter->run()
WARNING - 2024-01-25 00:18:26 --> [DEPRECATED] Since fabpot/goutte 4.0: The "Goutte\Client" class is deprecated, use "Symfony\Component\BrowserKit\HttpBrowser" instead. in FCPATH/Codeigniter/vendor/symfony/deprecation-contracts/function.php on line 25.
 1 FCPATH/Codeigniter/vendor/symfony/deprecation-contracts/function.php(25): trigger_error('Since fabpot/goutte 4.0: The "Goutte\\Client" class is deprecated, use "Symfony\\Component\\BrowserKit\\HttpBrowser" instead.', 16384)
 2 FCPATH/Codeigniter/vendor/fabpot/goutte/Goutte/Client.php(28): trigger_deprecation('fabpot/goutte', '4.0', 'The "%s" class is deprecated, use "%s" instead.', 'Goutte\\Client', 'Symfony\\Component\\BrowserKit\\HttpBrowser')
 3 APPPATH/Models/ScrapingModel.php(12): Goutte\Client->__construct()
 4 APPPATH/Controllers/Home.php(19): App\Models\ScrapingModel->scrapeData('https://de.wikipedia.org/wiki/')
 5 SYSTEMPATH/CodeIgniter.php(919): App\Controllers\Home->index()
 6 SYSTEMPATH/CodeIgniter.php(494): CodeIgniter\CodeIgniter->runController(Object(App\Controllers\Home))
 7 SYSTEMPATH/CodeIgniter.php(353): CodeIgniter\CodeIgniter->handleRequest(null, Object(Config\Cache), false)
 8 FCPATH/index.php(79): CodeIgniter\CodeIgniter->run()
WARNING - 2024-01-25 00:21:34 --> [DEPRECATED] Since fabpot/goutte 4.0: The "Goutte\Client" class is deprecated, use "Symfony\Component\BrowserKit\HttpBrowser" instead. in FCPATH/Codeigniter/vendor/symfony/deprecation-contracts/function.php on line 25.
 1 FCPATH/Codeigniter/vendor/symfony/deprecation-contracts/function.php(25): trigger_error('Since fabpot/goutte 4.0: The "Goutte\\Client" class is deprecated, use "Symfony\\Component\\BrowserKit\\HttpBrowser" instead.', 16384)
 2 FCPATH/Codeigniter/vendor/fabpot/goutte/Goutte/Client.php(28): trigger_deprecation('fabpot/goutte', '4.0', 'The "%s" class is deprecated, use "%s" instead.', 'Goutte\\Client', 'Symfony\\Component\\BrowserKit\\HttpBrowser')
 3 APPPATH/Models/WikiModel.php(13): Goutte\Client->__construct()
 4 APPPATH/Controllers/Wiki.php(36): App\Models\WikiModel->scrapeData('https://de.wikipedia.org/wiki/Georg_Heinrich_Sieveking', 'Georg_Heinrich_Sieveking')
 5 SYSTEMPATH/CodeIgniter.php(919): App\Controllers\Wiki->view('Georg_Heinrich_Sieveking')
 6 SYSTEMPATH/CodeIgniter.php(494): CodeIgniter\CodeIgniter->runController(Object(App\Controllers\Wiki))
 7 SYSTEMPATH/CodeIgniter.php(353): CodeIgniter\CodeIgniter->handleRequest(null, Object(Config\Cache), false)
 8 FCPATH/index.php(79): CodeIgniter\CodeIgniter->run()
WARNING - 2024-01-25 00:21:50 --> [DEPRECATED] Since fabpot/goutte 4.0: The "Goutte\Client" class is deprecated, use "Symfony\Component\BrowserKit\HttpBrowser" instead. in FCPATH/Codeigniter/vendor/symfony/deprecation-contracts/function.php on line 25.
 1 FCPATH/Codeigniter/vendor/symfony/deprecation-contracts/function.php(25): trigger_error('Since fabpot/goutte 4.0: The "Goutte\\Client" class is deprecated, use "Symfony\\Component\\BrowserKit\\HttpBrowser" instead.', 16384)
 2 FCPATH/Codeigniter/vendor/fabpot/goutte/Goutte/Client.php(28): trigger_deprecation('fabpot/goutte', '4.0', 'The "%s" class is deprecated, use "%s" instead.', 'Goutte\\Client', 'Symfony\\Component\\BrowserKit\\HttpBrowser')
 3 APPPATH/Models/WikiModel.php(13): Goutte\Client->__construct()
 4 APPPATH/Controllers/Wiki.php(36): App\Models\WikiModel->scrapeData('https://de.wikipedia.org/wiki/Dschungeldrosselhäherling', 'Dschungeldrosselhäherling')
 5 SYSTEMPATH/CodeIgniter.php(919): App\Controllers\Wiki->view('Dschungeldrosselhäherling')
 6 SYSTEMPATH/CodeIgniter.php(494): CodeIgniter\CodeIgniter->runController(Object(App\Controllers\Wiki))
 7 SYSTEMPATH/CodeIgniter.php(353): CodeIgniter\CodeIgniter->handleRequest(null, Object(Config\Cache), false)
 8 FCPATH/index.php(79): CodeIgniter\CodeIgniter->run()
WARNING - 2024-01-25 00:28:42 --> [DEPRECATED] str_replace(): Passing null to parameter #3 ($subject) of type array|string is deprecated in APPPATH/Controllers/Home.php on line 15.
 1 APPPATH/Controllers/Home.php(15): str_replace(' ', '_', null)
 2 SYSTEMPATH/CodeIgniter.php(919): App\Controllers\Home->index()
 3 SYSTEMPATH/CodeIgniter.php(494): CodeIgniter\CodeIgniter->runController(Object(App\Controllers\Home))
 4 SYSTEMPATH/CodeIgniter.php(353): CodeIgniter\CodeIgniter->handleRequest(null, Object(Config\Cache), false)
 5 FCPATH/index.php(79): CodeIgniter\CodeIgniter->run()
WARNING - 2024-01-25 00:28:42 --> [DEPRECATED] Since fabpot/goutte 4.0: The "Goutte\Client" class is deprecated, use "Symfony\Component\BrowserKit\HttpBrowser" instead. in FCPATH/Codeigniter/vendor/symfony/deprecation-contracts/function.php on line 25.
 1 FCPATH/Codeigniter/vendor/symfony/deprecation-contracts/function.php(25): trigger_error('Since fabpot/goutte 4.0: The "Goutte\\Client" class is deprecated, use "Symfony\\Component\\BrowserKit\\HttpBrowser" instead.', 16384)
 2 FCPATH/Codeigniter/vendor/fabpot/goutte/Goutte/Client.php(28): trigger_deprecation('fabpot/goutte', '4.0', 'The "%s" class is deprecated, use "%s" instead.', 'Goutte\\Client', 'Symfony\\Component\\BrowserKit\\HttpBrowser')
 3 APPPATH/Models/ScrapingModel.php(12): Goutte\Client->__construct()
 4 APPPATH/Controllers/Home.php(19): App\Models\ScrapingModel->scrapeData('https://de.wikipedia.org/wiki/')
 5 SYSTEMPATH/CodeIgniter.php(919): App\Controllers\Home->index()
 6 SYSTEMPATH/CodeIgniter.php(494): CodeIgniter\CodeIgniter->runController(Object(App\Controllers\Home))
 7 SYSTEMPATH/CodeIgniter.php(353): CodeIgniter\CodeIgniter->handleRequest(null, Object(Config\Cache), false)
 8 FCPATH/index.php(79): CodeIgniter\CodeIgniter->run()
WARNING - 2024-01-25 00:41:24 --> [DEPRECATED] Since fabpot/goutte 4.0: The "Goutte\Client" class is deprecated, use "Symfony\Component\BrowserKit\HttpBrowser" instead. in FCPATH/Codeigniter/vendor/symfony/deprecation-contracts/function.php on line 25.
 1 FCPATH/Codeigniter/vendor/symfony/deprecation-contracts/function.php(25): trigger_error('Since fabpot/goutte 4.0: The "Goutte\\Client" class is deprecated, use "Symfony\\Component\\BrowserKit\\HttpBrowser" instead.', 16384)
 2 FCPATH/Codeigniter/vendor/fabpot/goutte/Goutte/Client.php(28): trigger_deprecation('fabpot/goutte', '4.0', 'The "%s" class is deprecated, use "%s" instead.', 'Goutte\\Client', 'Symfony\\Component\\BrowserKit\\HttpBrowser')
 3 APPPATH/Models/WikiModel.php(13): Goutte\Client->__construct()
 4 APPPATH/Controllers/Wiki.php(36): App\Models\WikiModel->scrapeData('https://de.wikipedia.org/wiki/Datei:Jalan_Masjid_Kapitan_Keling,_George_Town,_Penang.jpg', 'Datei:Jalan_Masjid_Kapitan_Keling,_George_Town,_Penang.jpg')
 5 SYSTEMPATH/CodeIgniter.php(919): App\Controllers\Wiki->view('Datei:Jalan_Masjid_Kapitan_Keling,_George_Town,_Penang.jpg')
 6 SYSTEMPATH/CodeIgniter.php(494): CodeIgniter\CodeIgniter->runController(Object(App\Controllers\Wiki))
 7 SYSTEMPATH/CodeIgniter.php(353): CodeIgniter\CodeIgniter->handleRequest(null, Object(Config\Cache), false)
 8 FCPATH/index.php(79): CodeIgniter\CodeIgniter->run()
WARNING - 2024-01-25 00:45:36 --> [DEPRECATED] str_replace(): Passing null to parameter #3 ($subject) of type array|string is deprecated in APPPATH/Controllers/Home.php on line 15.
 1 APPPATH/Controllers/Home.php(15): str_replace(' ', '_', null)
 2 SYSTEMPATH/CodeIgniter.php(919): App\Controllers\Home->index()
 3 SYSTEMPATH/CodeIgniter.php(494): CodeIgniter\CodeIgniter->runController(Object(App\Controllers\Home))
 4 SYSTEMPATH/CodeIgniter.php(353): CodeIgniter\CodeIgniter->handleRequest(null, Object(Config\Cache), false)
 5 FCPATH/index.php(79): CodeIgniter\CodeIgniter->run()
WARNING - 2024-01-25 00:45:36 --> [DEPRECATED] Since fabpot/goutte 4.0: The "Goutte\Client" class is deprecated, use "Symfony\Component\BrowserKit\HttpBrowser" instead. in FCPATH/Codeigniter/vendor/symfony/deprecation-contracts/function.php on line 25.
 1 FCPATH/Codeigniter/vendor/symfony/deprecation-contracts/function.php(25): trigger_error('Since fabpot/goutte 4.0: The "Goutte\\Client" class is deprecated, use "Symfony\\Component\\BrowserKit\\HttpBrowser" instead.', 16384)
 2 FCPATH/Codeigniter/vendor/fabpot/goutte/Goutte/Client.php(28): trigger_deprecation('fabpot/goutte', '4.0', 'The "%s" class is deprecated, use "%s" instead.', 'Goutte\\Client', 'Symfony\\Component\\BrowserKit\\HttpBrowser')
 3 APPPATH/Models/ScrapingModel.php(12): Goutte\Client->__construct()
 4 APPPATH/Controllers/Home.php(19): App\Models\ScrapingModel->scrapeData('https://de.wikipedia.org/wiki/')
 5 SYSTEMPATH/CodeIgniter.php(919): App\Controllers\Home->index()
 6 SYSTEMPATH/CodeIgniter.php(494): CodeIgniter\CodeIgniter->runController(Object(App\Controllers\Home))
 7 SYSTEMPATH/CodeIgniter.php(353): CodeIgniter\CodeIgniter->handleRequest(null, Object(Config\Cache), false)
 8 FCPATH/index.php(79): CodeIgniter\CodeIgniter->run()
CRITICAL - 2024-01-25 00:45:42 --> Undefined variable $totalTime
in SYSTEMPATH/Debug/Toolbar/Views/toolbar.tpl.php on line 46.
 1 SYSTEMPATH/Debug/Toolbar/Views/toolbar.tpl.php(46): CodeIgniter\Debug\Exceptions->errorHandler()
 2 SYSTEMPATH/Debug/Toolbar.php(513): include('/home/teknopediabahasa/web/de.teknopedia.teknokrat.ac.id/public_html/Codeigniter/vendor/codeigniter4/framework/system/Debug/Toolbar/Views/toolbar.tpl.php')
 3 SYSTEMPATH/Debug/Toolbar.php(476): CodeIgniter\Debug\Toolbar->format()
 4 APPPATH/Config/Events.php(47): CodeIgniter\Debug\Toolbar->respond()
 5 SYSTEMPATH/Events/Events.php(152): CodeIgniter\Events\Events::Config\{closure}()
 6 SYSTEMPATH/CodeIgniter.php(434): CodeIgniter\Events\Events::trigger()
 7 SYSTEMPATH/CodeIgniter.php(353): CodeIgniter\CodeIgniter->handleRequest()
 8 FCPATH/index.php(79): CodeIgniter\CodeIgniter->run()
WARNING - 2024-01-25 00:58:51 --> [DEPRECATED] str_replace(): Passing null to parameter #3 ($subject) of type array|string is deprecated in APPPATH/Controllers/Home.php on line 15.
 1 APPPATH/Controllers/Home.php(15): str_replace(' ', '_', null)
 2 SYSTEMPATH/CodeIgniter.php(919): App\Controllers\Home->index()
 3 SYSTEMPATH/CodeIgniter.php(494): CodeIgniter\CodeIgniter->runController(Object(App\Controllers\Home))
 4 SYSTEMPATH/CodeIgniter.php(353): CodeIgniter\CodeIgniter->handleRequest(null, Object(Config\Cache), false)
 5 FCPATH/index.php(79): CodeIgniter\CodeIgniter->run()
WARNING - 2024-01-25 00:58:51 --> [DEPRECATED] Since fabpot/goutte 4.0: The "Goutte\Client" class is deprecated, use "Symfony\Component\BrowserKit\HttpBrowser" instead. in FCPATH/Codeigniter/vendor/symfony/deprecation-contracts/function.php on line 25.
 1 FCPATH/Codeigniter/vendor/symfony/deprecation-contracts/function.php(25): trigger_error('Since fabpot/goutte 4.0: The "Goutte\\Client" class is deprecated, use "Symfony\\Component\\BrowserKit\\HttpBrowser" instead.', 16384)
 2 FCPATH/Codeigniter/vendor/fabpot/goutte/Goutte/Client.php(28): trigger_deprecation('fabpot/goutte', '4.0', 'The "%s" class is deprecated, use "%s" instead.', 'Goutte\\Client', 'Symfony\\Component\\BrowserKit\\HttpBrowser')
 3 APPPATH/Models/ScrapingModel.php(12): Goutte\Client->__construct()
 4 APPPATH/Controllers/Home.php(19): App\Models\ScrapingModel->scrapeData('https://de.wikipedia.org/wiki/')
 5 SYSTEMPATH/CodeIgniter.php(919): App\Controllers\Home->index()
 6 SYSTEMPATH/CodeIgniter.php(494): CodeIgniter\CodeIgniter->runController(Object(App\Controllers\Home))
 7 SYSTEMPATH/CodeIgniter.php(353): CodeIgniter\CodeIgniter->handleRequest(null, Object(Config\Cache), false)
 8 FCPATH/index.php(79): CodeIgniter\CodeIgniter->run()
WARNING - 2024-01-25 01:07:13 --> [DEPRECATED] str_replace(): Passing null to parameter #3 ($subject) of type array|string is deprecated in APPPATH/Controllers/Home.php on line 15.
 1 APPPATH/Controllers/Home.php(15): str_replace(' ', '_', null)
 2 SYSTEMPATH/CodeIgniter.php(919): App\Controllers\Home->index()
 3 SYSTEMPATH/CodeIgniter.php(494): CodeIgniter\CodeIgniter->runController(Object(App\Controllers\Home))
 4 SYSTEMPATH/CodeIgniter.php(353): CodeIgniter\CodeIgniter->handleRequest(null, Object(Config\Cache), false)
 5 FCPATH/index.php(79): CodeIgniter\CodeIgniter->run()
WARNING - 2024-01-25 01:07:13 --> [DEPRECATED] Since fabpot/goutte 4.0: The "Goutte\Client" class is deprecated, use "Symfony\Component\BrowserKit\HttpBrowser" instead. in FCPATH/Codeigniter/vendor/symfony/deprecation-contracts/function.php on line 25.
 1 FCPATH/Codeigniter/vendor/symfony/deprecation-contracts/function.php(25): trigger_error('Since fabpot/goutte 4.0: The "Goutte\\Client" class is deprecated, use "Symfony\\Component\\BrowserKit\\HttpBrowser" instead.', 16384)
 2 FCPATH/Codeigniter/vendor/fabpot/goutte/Goutte/Client.php(28): trigger_deprecation('fabpot/goutte', '4.0', 'The "%s" class is deprecated, use "%s" instead.', 'Goutte\\Client', 'Symfony\\Component\\BrowserKit\\HttpBrowser')
 3 APPPATH/Models/ScrapingModel.php(12): Goutte\Client->__construct()
 4 APPPATH/Controllers/Home.php(19): App\Models\ScrapingModel->scrapeData('https://de.wikipedia.org/wiki/')
 5 SYSTEMPATH/CodeIgniter.php(919): App\Controllers\Home->index()
 6 SYSTEMPATH/CodeIgniter.php(494): CodeIgniter\CodeIgniter->runController(Object(App\Controllers\Home))
 7 SYSTEMPATH/CodeIgniter.php(353): CodeIgniter\CodeIgniter->handleRequest(null, Object(Config\Cache), false)
 8 FCPATH/index.php(79): CodeIgniter\CodeIgniter->run()
WARNING - 2024-01-25 01:18:51 --> [DEPRECATED] str_replace(): Passing null to parameter #3 ($subject) of type array|string is deprecated in APPPATH/Controllers/Home.php on line 15.
 1 APPPATH/Controllers/Home.php(15): str_replace(' ', '_', null)
 2 SYSTEMPATH/CodeIgniter.php(919): App\Controllers\Home->index()
 3 SYSTEMPATH/CodeIgniter.php(494): CodeIgniter\CodeIgniter->runController(Object(App\Controllers\Home))
 4 SYSTEMPATH/CodeIgniter.php(353): CodeIgniter\CodeIgniter->handleRequest(null, Object(Config\Cache), false)
 5 FCPATH/index.php(79): CodeIgniter\CodeIgniter->run()
WARNING - 2024-01-25 01:18:51 --> [DEPRECATED] Since fabpot/goutte 4.0: The "Goutte\Client" class is deprecated, use "Symfony\Component\BrowserKit\HttpBrowser" instead. in FCPATH/Codeigniter/vendor/symfony/deprecation-contracts/function.php on line 25.
 1 FCPATH/Codeigniter/vendor/symfony/deprecation-contracts/function.php(25): trigger_error('Since fabpot/goutte 4.0: The "Goutte\\Client" class is deprecated, use "Symfony\\Component\\BrowserKit\\HttpBrowser" instead.', 16384)
 2 FCPATH/Codeigniter/vendor/fabpot/goutte/Goutte/Client.php(28): trigger_deprecation('fabpot/goutte', '4.0', 'The "%s" class is deprecated, use "%s" instead.', 'Goutte\\Client', 'Symfony\\Component\\BrowserKit\\HttpBrowser')
 3 APPPATH/Models/ScrapingModel.php(12): Goutte\Client->__construct()
 4 APPPATH/Controllers/Home.php(19): App\Models\ScrapingModel->scrapeData('https://de.wikipedia.org/wiki/')
 5 SYSTEMPATH/CodeIgniter.php(919): App\Controllers\Home->index()
 6 SYSTEMPATH/CodeIgniter.php(494): CodeIgniter\CodeIgniter->runController(Object(App\Controllers\Home))
 7 SYSTEMPATH/CodeIgniter.php(353): CodeIgniter\CodeIgniter->handleRequest(null, Object(Config\Cache), false)
 8 FCPATH/index.php(79): CodeIgniter\CodeIgniter->run()
WARNING - 2024-01-25 01:19:22 --> [DEPRECATED] str_replace(): Passing null to parameter #3 ($subject) of type array|string is deprecated in APPPATH/Controllers/Home.php on line 15.
 1 APPPATH/Controllers/Home.php(15): str_replace(' ', '_', null)
 2 SYSTEMPATH/CodeIgniter.php(919): App\Controllers\Home->index()
 3 SYSTEMPATH/CodeIgniter.php(494): CodeIgniter\CodeIgniter->runController(Object(App\Controllers\Home))
 4 SYSTEMPATH/CodeIgniter.php(353): CodeIgniter\CodeIgniter->handleRequest(null, Object(Config\Cache), false)
 5 FCPATH/index.php(79): CodeIgniter\CodeIgniter->run()
WARNING - 2024-01-25 01:19:22 --> [DEPRECATED] Since fabpot/goutte 4.0: The "Goutte\Client" class is deprecated, use "Symfony\Component\BrowserKit\HttpBrowser" instead. in FCPATH/Codeigniter/vendor/symfony/deprecation-contracts/function.php on line 25.
 1 FCPATH/Codeigniter/vendor/symfony/deprecation-contracts/function.php(25): trigger_error('Since fabpot/goutte 4.0: The "Goutte\\Client" class is deprecated, use "Symfony\\Component\\BrowserKit\\HttpBrowser" instead.', 16384)
 2 FCPATH/Codeigniter/vendor/fabpot/goutte/Goutte/Client.php(28): trigger_deprecation('fabpot/goutte', '4.0', 'The "%s" class is deprecated, use "%s" instead.', 'Goutte\\Client', 'Symfony\\Component\\BrowserKit\\HttpBrowser')
 3 APPPATH/Models/ScrapingModel.php(12): Goutte\Client->__construct()
 4 APPPATH/Controllers/Home.php(19): App\Models\ScrapingModel->scrapeData('https://de.wikipedia.org/wiki/')
 5 SYSTEMPATH/CodeIgniter.php(919): App\Controllers\Home->index()
 6 SYSTEMPATH/CodeIgniter.php(494): CodeIgniter\CodeIgniter->runController(Object(App\Controllers\Home))
 7 SYSTEMPATH/CodeIgniter.php(353): CodeIgniter\CodeIgniter->handleRequest(null, Object(Config\Cache), false)
 8 FCPATH/index.php(79): CodeIgniter\CodeIgniter->run()
WARNING - 2024-01-25 01:23:41 --> [DEPRECATED] str_replace(): Passing null to parameter #3 ($subject) of type array|string is deprecated in APPPATH/Controllers/Home.php on line 15.
 1 APPPATH/Controllers/Home.php(15): str_replace(' ', '_', null)
 2 SYSTEMPATH/CodeIgniter.php(919): App\Controllers\Home->index()
 3 SYSTEMPATH/CodeIgniter.php(494): CodeIgniter\CodeIgniter->runController(Object(App\Controllers\Home))
 4 SYSTEMPATH/CodeIgniter.php(353): CodeIgniter\CodeIgniter->handleRequest(null, Object(Config\Cache), false)
 5 FCPATH/index.php(79): CodeIgniter\CodeIgniter->run()
WARNING - 2024-01-25 01:23:41 --> [DEPRECATED] Since fabpot/goutte 4.0: The "Goutte\Client" class is deprecated, use "Symfony\Component\BrowserKit\HttpBrowser" instead. in FCPATH/Codeigniter/vendor/symfony/deprecation-contracts/function.php on line 25.
 1 FCPATH/Codeigniter/vendor/symfony/deprecation-contracts/function.php(25): trigger_error('Since fabpot/goutte 4.0: The "Goutte\\Client" class is deprecated, use "Symfony\\Component\\BrowserKit\\HttpBrowser" instead.', 16384)
 2 FCPATH/Codeigniter/vendor/fabpot/goutte/Goutte/Client.php(28): trigger_deprecation('fabpot/goutte', '4.0', 'The "%s" class is deprecated, use "%s" instead.', 'Goutte\\Client', 'Symfony\\Component\\BrowserKit\\HttpBrowser')
 3 APPPATH/Models/ScrapingModel.php(12): Goutte\Client->__construct()
 4 APPPATH/Controllers/Home.php(19): App\Models\ScrapingModel->scrapeData('https://de.wikipedia.org/wiki/')
 5 SYSTEMPATH/CodeIgniter.php(919): App\Controllers\Home->index()
 6 SYSTEMPATH/CodeIgniter.php(494): CodeIgniter\CodeIgniter->runController(Object(App\Controllers\Home))
 7 SYSTEMPATH/CodeIgniter.php(353): CodeIgniter\CodeIgniter->handleRequest(null, Object(Config\Cache), false)
 8 FCPATH/index.php(79): CodeIgniter\CodeIgniter->run()
CRITICAL - 2024-01-25 23:02:05 --> Could not resolve host: de.wikipedia.org for "https://de.wikipedia.org/wiki/Datei:Menzenschwand_Geburtshaus_Maler_Winterhalter_7752.jpg".
in FCPATH/Codeigniter/vendor/symfony/http-client/Chunk/ErrorChunk.php on line 56.
 1 FCPATH/Codeigniter/vendor/symfony/http-client/Response/CommonResponseTrait.php(144): Symfony\Component\HttpClient\Chunk\ErrorChunk->isFirst()
 2 FCPATH/Codeigniter/vendor/symfony/http-client/Response/CommonResponseTrait.php(41): Symfony\Component\HttpClient\Response\CurlResponse::initialize()
 3 FCPATH/Codeigniter/vendor/symfony/http-client/Response/CurlResponse.php(230): Symfony\Component\HttpClient\Response\CurlResponse->doGetContent()
 4 FCPATH/Codeigniter/vendor/symfony/browser-kit/HttpBrowser.php(57): Symfony\Component\HttpClient\Response\CurlResponse->getContent()
 5 FCPATH/Codeigniter/vendor/symfony/browser-kit/AbstractBrowser.php(403): Symfony\Component\BrowserKit\HttpBrowser->doRequest()
 6 APPPATH/Models/WikiModel.php(16): Symfony\Component\BrowserKit\AbstractBrowser->request()
 7 APPPATH/Controllers/Wiki.php(36): App\Models\WikiModel->scrapeData()
 8 SYSTEMPATH/CodeIgniter.php(919): App\Controllers\Wiki->view()
 9 SYSTEMPATH/CodeIgniter.php(494): CodeIgniter\CodeIgniter->runController()
10 SYSTEMPATH/CodeIgniter.php(353): CodeIgniter\CodeIgniter->handleRequest()
11 FCPATH/index.php(79): CodeIgniter\CodeIgniter->run()
