CRITICAL - 2023-10-24 06:11:45 --> The current node list is empty.
in FCPATH/vendor/symfony/dom-crawler/Crawler.php on line 569.
 1 APPPATH/Models/WikiModel.php(23): Symfony\Component\DomCrawler\Crawler->text()
 2 APPPATH/Controllers/Wiki.php(17): App\Models\WikiModel->scrapeData()
 3 SYSTEMPATH/CodeIgniter.php(919): App\Controllers\Wiki->view()
 4 SYSTEMPATH/CodeIgniter.php(494): CodeIgniter\CodeIgniter->runController()
 5 SYSTEMPATH/CodeIgniter.php(353): CodeIgniter\CodeIgniter->handleRequest()
 6 FCPATH/index.php(79): CodeIgniter\CodeIgniter->run()
CRITICAL - 2023-10-24 06:18:45 --> The current node list is empty.
in FCPATH/vendor/symfony/dom-crawler/Crawler.php on line 569.
 1 APPPATH/Models/WikiModel.php(23): Symfony\Component\DomCrawler\Crawler->text()
 2 APPPATH/Controllers/Wiki.php(17): App\Models\WikiModel->scrapeData()
 3 SYSTEMPATH/CodeIgniter.php(919): App\Controllers\Wiki->view()
 4 SYSTEMPATH/CodeIgniter.php(494): CodeIgniter\CodeIgniter->runController()
 5 SYSTEMPATH/CodeIgniter.php(353): CodeIgniter\CodeIgniter->handleRequest()
 6 FCPATH/index.php(79): CodeIgniter\CodeIgniter->run()
CRITICAL - 2023-10-24 06:20:54 --> The current node list is empty.
in FCPATH/vendor/symfony/dom-crawler/Crawler.php on line 569.
 1 APPPATH/Models/WikiModel.php(23): Symfony\Component\DomCrawler\Crawler->text()
 2 APPPATH/Controllers/Wiki.php(17): App\Models\WikiModel->scrapeData()
 3 SYSTEMPATH/CodeIgniter.php(919): App\Controllers\Wiki->view()
 4 SYSTEMPATH/CodeIgniter.php(494): CodeIgniter\CodeIgniter->runController()
 5 SYSTEMPATH/CodeIgniter.php(353): CodeIgniter\CodeIgniter->handleRequest()
 6 FCPATH/index.php(79): CodeIgniter\CodeIgniter->run()
CRITICAL - 2023-10-24 06:23:04 --> The current node list is empty.
in FCPATH/vendor/symfony/dom-crawler/Crawler.php on line 569.
 1 APPPATH/Models/WikiModel.php(23): Symfony\Component\DomCrawler\Crawler->text()
 2 APPPATH/Controllers/Wiki.php(17): App\Models\WikiModel->scrapeData()
 3 SYSTEMPATH/CodeIgniter.php(919): App\Controllers\Wiki->view()
 4 SYSTEMPATH/CodeIgniter.php(494): CodeIgniter\CodeIgniter->runController()
 5 SYSTEMPATH/CodeIgniter.php(353): CodeIgniter\CodeIgniter->handleRequest()
 6 FCPATH/index.php(79): CodeIgniter\CodeIgniter->run()
CRITICAL - 2023-10-24 06:25:13 --> The current node list is empty.
in FCPATH/vendor/symfony/dom-crawler/Crawler.php on line 569.
 1 APPPATH/Models/WikiModel.php(23): Symfony\Component\DomCrawler\Crawler->text()
 2 APPPATH/Controllers/Wiki.php(17): App\Models\WikiModel->scrapeData()
 3 SYSTEMPATH/CodeIgniter.php(919): App\Controllers\Wiki->view()
 4 SYSTEMPATH/CodeIgniter.php(494): CodeIgniter\CodeIgniter->runController()
 5 SYSTEMPATH/CodeIgniter.php(353): CodeIgniter\CodeIgniter->handleRequest()
 6 FCPATH/index.php(79): CodeIgniter\CodeIgniter->run()
CRITICAL - 2023-10-24 06:27:22 --> The current node list is empty.
in FCPATH/vendor/symfony/dom-crawler/Crawler.php on line 569.
 1 APPPATH/Models/WikiModel.php(23): Symfony\Component\DomCrawler\Crawler->text()
 2 APPPATH/Controllers/Wiki.php(17): App\Models\WikiModel->scrapeData()
 3 SYSTEMPATH/CodeIgniter.php(919): App\Controllers\Wiki->view()
 4 SYSTEMPATH/CodeIgniter.php(494): CodeIgniter\CodeIgniter->runController()
 5 SYSTEMPATH/CodeIgniter.php(353): CodeIgniter\CodeIgniter->handleRequest()
 6 FCPATH/index.php(79): CodeIgniter\CodeIgniter->run()
CRITICAL - 2023-10-24 06:29:30 --> The current node list is empty.
in FCPATH/vendor/symfony/dom-crawler/Crawler.php on line 569.
 1 APPPATH/Models/WikiModel.php(23): Symfony\Component\DomCrawler\Crawler->text()
 2 APPPATH/Controllers/Wiki.php(17): App\Models\WikiModel->scrapeData()
 3 SYSTEMPATH/CodeIgniter.php(919): App\Controllers\Wiki->view()
 4 SYSTEMPATH/CodeIgniter.php(494): CodeIgniter\CodeIgniter->runController()
 5 SYSTEMPATH/CodeIgniter.php(353): CodeIgniter\CodeIgniter->handleRequest()
 6 FCPATH/index.php(79): CodeIgniter\CodeIgniter->run()
CRITICAL - 2023-10-24 06:31:39 --> The current node list is empty.
in FCPATH/vendor/symfony/dom-crawler/Crawler.php on line 569.
 1 APPPATH/Models/WikiModel.php(23): Symfony\Component\DomCrawler\Crawler->text()
 2 APPPATH/Controllers/Wiki.php(17): App\Models\WikiModel->scrapeData()
 3 SYSTEMPATH/CodeIgniter.php(919): App\Controllers\Wiki->view()
 4 SYSTEMPATH/CodeIgniter.php(494): CodeIgniter\CodeIgniter->runController()
 5 SYSTEMPATH/CodeIgniter.php(353): CodeIgniter\CodeIgniter->handleRequest()
 6 FCPATH/index.php(79): CodeIgniter\CodeIgniter->run()
CRITICAL - 2023-10-24 06:34:36 --> The current node list is empty.
in FCPATH/vendor/symfony/dom-crawler/Crawler.php on line 569.
 1 APPPATH/Models/WikiModel.php(23): Symfony\Component\DomCrawler\Crawler->text()
 2 APPPATH/Controllers/Wiki.php(17): App\Models\WikiModel->scrapeData()
 3 SYSTEMPATH/CodeIgniter.php(919): App\Controllers\Wiki->view()
 4 SYSTEMPATH/CodeIgniter.php(494): CodeIgniter\CodeIgniter->runController()
 5 SYSTEMPATH/CodeIgniter.php(353): CodeIgniter\CodeIgniter->handleRequest()
 6 FCPATH/index.php(79): CodeIgniter\CodeIgniter->run()
CRITICAL - 2023-10-24 06:35:54 --> The current node list is empty.
in FCPATH/vendor/symfony/dom-crawler/Crawler.php on line 569.
 1 APPPATH/Models/WikiModel.php(23): Symfony\Component\DomCrawler\Crawler->text()
 2 APPPATH/Controllers/Wiki.php(17): App\Models\WikiModel->scrapeData()
 3 SYSTEMPATH/CodeIgniter.php(919): App\Controllers\Wiki->view()
 4 SYSTEMPATH/CodeIgniter.php(494): CodeIgniter\CodeIgniter->runController()
 5 SYSTEMPATH/CodeIgniter.php(353): CodeIgniter\CodeIgniter->handleRequest()
 6 FCPATH/index.php(79): CodeIgniter\CodeIgniter->run()
CRITICAL - 2023-10-24 06:40:11 --> The current node list is empty.
in FCPATH/vendor/symfony/dom-crawler/Crawler.php on line 569.
 1 APPPATH/Models/WikiModel.php(23): Symfony\Component\DomCrawler\Crawler->text()
 2 APPPATH/Controllers/Wiki.php(17): App\Models\WikiModel->scrapeData()
 3 SYSTEMPATH/CodeIgniter.php(919): App\Controllers\Wiki->view()
 4 SYSTEMPATH/CodeIgniter.php(494): CodeIgniter\CodeIgniter->runController()
 5 SYSTEMPATH/CodeIgniter.php(353): CodeIgniter\CodeIgniter->handleRequest()
 6 FCPATH/index.php(79): CodeIgniter\CodeIgniter->run()
CRITICAL - 2023-10-24 06:40:12 --> The current node list is empty.
in FCPATH/vendor/symfony/dom-crawler/Crawler.php on line 569.
 1 APPPATH/Models/WikiModel.php(23): Symfony\Component\DomCrawler\Crawler->text()
 2 APPPATH/Controllers/Wiki.php(17): App\Models\WikiModel->scrapeData()
 3 SYSTEMPATH/CodeIgniter.php(919): App\Controllers\Wiki->view()
 4 SYSTEMPATH/CodeIgniter.php(494): CodeIgniter\CodeIgniter->runController()
 5 SYSTEMPATH/CodeIgniter.php(353): CodeIgniter\CodeIgniter->handleRequest()
 6 FCPATH/index.php(79): CodeIgniter\CodeIgniter->run()
CRITICAL - 2023-10-24 06:40:15 --> The current node list is empty.
in FCPATH/vendor/symfony/dom-crawler/Crawler.php on line 569.
 1 APPPATH/Models/WikiModel.php(23): Symfony\Component\DomCrawler\Crawler->text()
 2 APPPATH/Controllers/Wiki.php(17): App\Models\WikiModel->scrapeData()
 3 SYSTEMPATH/CodeIgniter.php(919): App\Controllers\Wiki->view()
 4 SYSTEMPATH/CodeIgniter.php(494): CodeIgniter\CodeIgniter->runController()
 5 SYSTEMPATH/CodeIgniter.php(353): CodeIgniter\CodeIgniter->handleRequest()
 6 FCPATH/index.php(79): CodeIgniter\CodeIgniter->run()
CRITICAL - 2023-10-24 06:44:28 --> The current node list is empty.
in FCPATH/vendor/symfony/dom-crawler/Crawler.php on line 569.
 1 APPPATH/Models/WikiModel.php(23): Symfony\Component\DomCrawler\Crawler->text()
 2 APPPATH/Controllers/Wiki.php(17): App\Models\WikiModel->scrapeData()
 3 SYSTEMPATH/CodeIgniter.php(919): App\Controllers\Wiki->view()
 4 SYSTEMPATH/CodeIgniter.php(494): CodeIgniter\CodeIgniter->runController()
 5 SYSTEMPATH/CodeIgniter.php(353): CodeIgniter\CodeIgniter->handleRequest()
 6 FCPATH/index.php(79): CodeIgniter\CodeIgniter->run()
CRITICAL - 2023-10-24 06:48:45 --> The current node list is empty.
in FCPATH/vendor/symfony/dom-crawler/Crawler.php on line 569.
 1 APPPATH/Models/WikiModel.php(23): Symfony\Component\DomCrawler\Crawler->text()
 2 APPPATH/Controllers/Wiki.php(17): App\Models\WikiModel->scrapeData()
 3 SYSTEMPATH/CodeIgniter.php(919): App\Controllers\Wiki->view()
 4 SYSTEMPATH/CodeIgniter.php(494): CodeIgniter\CodeIgniter->runController()
 5 SYSTEMPATH/CodeIgniter.php(353): CodeIgniter\CodeIgniter->handleRequest()
 6 FCPATH/index.php(79): CodeIgniter\CodeIgniter->run()
CRITICAL - 2023-10-24 06:53:02 --> The current node list is empty.
in FCPATH/vendor/symfony/dom-crawler/Crawler.php on line 569.
 1 APPPATH/Models/WikiModel.php(23): Symfony\Component\DomCrawler\Crawler->text()
 2 APPPATH/Controllers/Wiki.php(17): App\Models\WikiModel->scrapeData()
 3 SYSTEMPATH/CodeIgniter.php(919): App\Controllers\Wiki->view()
 4 SYSTEMPATH/CodeIgniter.php(494): CodeIgniter\CodeIgniter->runController()
 5 SYSTEMPATH/CodeIgniter.php(353): CodeIgniter\CodeIgniter->handleRequest()
 6 FCPATH/index.php(79): CodeIgniter\CodeIgniter->run()
CRITICAL - 2023-10-24 06:57:19 --> The current node list is empty.
in FCPATH/vendor/symfony/dom-crawler/Crawler.php on line 569.
 1 APPPATH/Models/WikiModel.php(23): Symfony\Component\DomCrawler\Crawler->text()
 2 APPPATH/Controllers/Wiki.php(17): App\Models\WikiModel->scrapeData()
 3 SYSTEMPATH/CodeIgniter.php(919): App\Controllers\Wiki->view()
 4 SYSTEMPATH/CodeIgniter.php(494): CodeIgniter\CodeIgniter->runController()
 5 SYSTEMPATH/CodeIgniter.php(353): CodeIgniter\CodeIgniter->handleRequest()
 6 FCPATH/index.php(79): CodeIgniter\CodeIgniter->run()
CRITICAL - 2023-10-24 06:59:22 --> The current node list is empty.
in FCPATH/vendor/symfony/dom-crawler/Crawler.php on line 569.
 1 APPPATH/Models/WikiModel.php(23): Symfony\Component\DomCrawler\Crawler->text()
 2 APPPATH/Controllers/Wiki.php(17): App\Models\WikiModel->scrapeData()
 3 SYSTEMPATH/CodeIgniter.php(919): App\Controllers\Wiki->view()
 4 SYSTEMPATH/CodeIgniter.php(494): CodeIgniter\CodeIgniter->runController()
 5 SYSTEMPATH/CodeIgniter.php(353): CodeIgniter\CodeIgniter->handleRequest()
 6 FCPATH/index.php(79): CodeIgniter\CodeIgniter->run()
CRITICAL - 2023-10-24 07:01:37 --> The current node list is empty.
in FCPATH/vendor/symfony/dom-crawler/Crawler.php on line 569.
 1 APPPATH/Models/WikiModel.php(23): Symfony\Component\DomCrawler\Crawler->text()
 2 APPPATH/Controllers/Wiki.php(17): App\Models\WikiModel->scrapeData()
 3 SYSTEMPATH/CodeIgniter.php(919): App\Controllers\Wiki->view()
 4 SYSTEMPATH/CodeIgniter.php(494): CodeIgniter\CodeIgniter->runController()
 5 SYSTEMPATH/CodeIgniter.php(353): CodeIgniter\CodeIgniter->handleRequest()
 6 FCPATH/index.php(79): CodeIgniter\CodeIgniter->run()
CRITICAL - 2023-10-24 07:03:32 --> The current node list is empty.
in FCPATH/vendor/symfony/dom-crawler/Crawler.php on line 569.
 1 APPPATH/Models/WikiModel.php(23): Symfony\Component\DomCrawler\Crawler->text()
 2 APPPATH/Controllers/Wiki.php(17): App\Models\WikiModel->scrapeData()
 3 SYSTEMPATH/CodeIgniter.php(919): App\Controllers\Wiki->view()
 4 SYSTEMPATH/CodeIgniter.php(494): CodeIgniter\CodeIgniter->runController()
 5 SYSTEMPATH/CodeIgniter.php(353): CodeIgniter\CodeIgniter->handleRequest()
 6 FCPATH/index.php(79): CodeIgniter\CodeIgniter->run()
CRITICAL - 2023-10-24 07:03:33 --> The current node list is empty.
in FCPATH/vendor/symfony/dom-crawler/Crawler.php on line 569.
 1 APPPATH/Models/WikiModel.php(23): Symfony\Component\DomCrawler\Crawler->text()
 2 APPPATH/Controllers/Wiki.php(17): App\Models\WikiModel->scrapeData()
 3 SYSTEMPATH/CodeIgniter.php(919): App\Controllers\Wiki->view()
 4 SYSTEMPATH/CodeIgniter.php(494): CodeIgniter\CodeIgniter->runController()
 5 SYSTEMPATH/CodeIgniter.php(353): CodeIgniter\CodeIgniter->handleRequest()
 6 FCPATH/index.php(79): CodeIgniter\CodeIgniter->run()
CRITICAL - 2023-10-24 07:03:47 --> The current node list is empty.
in FCPATH/vendor/symfony/dom-crawler/Crawler.php on line 569.
 1 APPPATH/Models/WikiModel.php(23): Symfony\Component\DomCrawler\Crawler->text()
 2 APPPATH/Controllers/Wiki.php(17): App\Models\WikiModel->scrapeData()
 3 SYSTEMPATH/CodeIgniter.php(919): App\Controllers\Wiki->view()
 4 SYSTEMPATH/CodeIgniter.php(494): CodeIgniter\CodeIgniter->runController()
 5 SYSTEMPATH/CodeIgniter.php(353): CodeIgniter\CodeIgniter->handleRequest()
 6 FCPATH/index.php(79): CodeIgniter\CodeIgniter->run()
CRITICAL - 2023-10-24 07:03:52 --> The current node list is empty.
in FCPATH/vendor/symfony/dom-crawler/Crawler.php on line 569.
 1 APPPATH/Models/WikiModel.php(23): Symfony\Component\DomCrawler\Crawler->text()
 2 APPPATH/Controllers/Wiki.php(17): App\Models\WikiModel->scrapeData()
 3 SYSTEMPATH/CodeIgniter.php(919): App\Controllers\Wiki->view()
 4 SYSTEMPATH/CodeIgniter.php(494): CodeIgniter\CodeIgniter->runController()
 5 SYSTEMPATH/CodeIgniter.php(353): CodeIgniter\CodeIgniter->handleRequest()
 6 FCPATH/index.php(79): CodeIgniter\CodeIgniter->run()
CRITICAL - 2023-10-24 07:05:54 --> The current node list is empty.
in FCPATH/vendor/symfony/dom-crawler/Crawler.php on line 569.
 1 APPPATH/Models/WikiModel.php(23): Symfony\Component\DomCrawler\Crawler->text()
 2 APPPATH/Controllers/Wiki.php(17): App\Models\WikiModel->scrapeData()
 3 SYSTEMPATH/CodeIgniter.php(919): App\Controllers\Wiki->view()
 4 SYSTEMPATH/CodeIgniter.php(494): CodeIgniter\CodeIgniter->runController()
 5 SYSTEMPATH/CodeIgniter.php(353): CodeIgniter\CodeIgniter->handleRequest()
 6 FCPATH/index.php(79): CodeIgniter\CodeIgniter->run()
CRITICAL - 2023-10-24 07:10:11 --> The current node list is empty.
in FCPATH/vendor/symfony/dom-crawler/Crawler.php on line 569.
 1 APPPATH/Models/WikiModel.php(23): Symfony\Component\DomCrawler\Crawler->text()
 2 APPPATH/Controllers/Wiki.php(17): App\Models\WikiModel->scrapeData()
 3 SYSTEMPATH/CodeIgniter.php(919): App\Controllers\Wiki->view()
 4 SYSTEMPATH/CodeIgniter.php(494): CodeIgniter\CodeIgniter->runController()
 5 SYSTEMPATH/CodeIgniter.php(353): CodeIgniter\CodeIgniter->handleRequest()
 6 FCPATH/index.php(79): CodeIgniter\CodeIgniter->run()
CRITICAL - 2023-10-24 07:14:28 --> The current node list is empty.
in FCPATH/vendor/symfony/dom-crawler/Crawler.php on line 569.
 1 APPPATH/Models/WikiModel.php(23): Symfony\Component\DomCrawler\Crawler->text()
 2 APPPATH/Controllers/Wiki.php(17): App\Models\WikiModel->scrapeData()
 3 SYSTEMPATH/CodeIgniter.php(919): App\Controllers\Wiki->view()
 4 SYSTEMPATH/CodeIgniter.php(494): CodeIgniter\CodeIgniter->runController()
 5 SYSTEMPATH/CodeIgniter.php(353): CodeIgniter\CodeIgniter->handleRequest()
 6 FCPATH/index.php(79): CodeIgniter\CodeIgniter->run()
CRITICAL - 2023-10-24 07:15:38 --> The current node list is empty.
in FCPATH/vendor/symfony/dom-crawler/Crawler.php on line 569.
 1 APPPATH/Models/WikiModel.php(23): Symfony\Component\DomCrawler\Crawler->text()
 2 APPPATH/Controllers/Wiki.php(17): App\Models\WikiModel->scrapeData()
 3 SYSTEMPATH/CodeIgniter.php(919): App\Controllers\Wiki->view()
 4 SYSTEMPATH/CodeIgniter.php(494): CodeIgniter\CodeIgniter->runController()
 5 SYSTEMPATH/CodeIgniter.php(353): CodeIgniter\CodeIgniter->handleRequest()
 6 FCPATH/index.php(79): CodeIgniter\CodeIgniter->run()
CRITICAL - 2023-10-24 07:15:42 --> The current node list is empty.
in FCPATH/vendor/symfony/dom-crawler/Crawler.php on line 569.
 1 APPPATH/Models/WikiModel.php(23): Symfony\Component\DomCrawler\Crawler->text()
 2 APPPATH/Controllers/Wiki.php(17): App\Models\WikiModel->scrapeData()
 3 SYSTEMPATH/CodeIgniter.php(919): App\Controllers\Wiki->view()
 4 SYSTEMPATH/CodeIgniter.php(494): CodeIgniter\CodeIgniter->runController()
 5 SYSTEMPATH/CodeIgniter.php(353): CodeIgniter\CodeIgniter->handleRequest()
 6 FCPATH/index.php(79): CodeIgniter\CodeIgniter->run()
CRITICAL - 2023-10-24 07:18:45 --> The current node list is empty.
in FCPATH/vendor/symfony/dom-crawler/Crawler.php on line 569.
 1 APPPATH/Models/WikiModel.php(23): Symfony\Component\DomCrawler\Crawler->text()
 2 APPPATH/Controllers/Wiki.php(17): App\Models\WikiModel->scrapeData()
 3 SYSTEMPATH/CodeIgniter.php(919): App\Controllers\Wiki->view()
 4 SYSTEMPATH/CodeIgniter.php(494): CodeIgniter\CodeIgniter->runController()
 5 SYSTEMPATH/CodeIgniter.php(353): CodeIgniter\CodeIgniter->handleRequest()
 6 FCPATH/index.php(79): CodeIgniter\CodeIgniter->run()
CRITICAL - 2023-10-24 07:19:37 --> The current node list is empty.
in FCPATH/vendor/symfony/dom-crawler/Crawler.php on line 569.
 1 APPPATH/Models/WikiModel.php(23): Symfony\Component\DomCrawler\Crawler->text()
 2 APPPATH/Controllers/Wiki.php(17): App\Models\WikiModel->scrapeData()
 3 SYSTEMPATH/CodeIgniter.php(919): App\Controllers\Wiki->view()
 4 SYSTEMPATH/CodeIgniter.php(494): CodeIgniter\CodeIgniter->runController()
 5 SYSTEMPATH/CodeIgniter.php(353): CodeIgniter\CodeIgniter->handleRequest()
 6 FCPATH/index.php(79): CodeIgniter\CodeIgniter->run()
CRITICAL - 2023-10-24 07:23:09 --> The current node list is empty.
in FCPATH/vendor/symfony/dom-crawler/Crawler.php on line 569.
 1 APPPATH/Models/WikiModel.php(23): Symfony\Component\DomCrawler\Crawler->text()
 2 APPPATH/Controllers/Wiki.php(17): App\Models\WikiModel->scrapeData()
 3 SYSTEMPATH/CodeIgniter.php(919): App\Controllers\Wiki->view()
 4 SYSTEMPATH/CodeIgniter.php(494): CodeIgniter\CodeIgniter->runController()
 5 SYSTEMPATH/CodeIgniter.php(353): CodeIgniter\CodeIgniter->handleRequest()
 6 FCPATH/index.php(79): CodeIgniter\CodeIgniter->run()
CRITICAL - 2023-10-24 07:31:37 --> The current node list is empty.
in FCPATH/vendor/symfony/dom-crawler/Crawler.php on line 569.
 1 APPPATH/Models/WikiModel.php(23): Symfony\Component\DomCrawler\Crawler->text()
 2 APPPATH/Controllers/Wiki.php(17): App\Models\WikiModel->scrapeData()
 3 SYSTEMPATH/CodeIgniter.php(919): App\Controllers\Wiki->view()
 4 SYSTEMPATH/CodeIgniter.php(494): CodeIgniter\CodeIgniter->runController()
 5 SYSTEMPATH/CodeIgniter.php(353): CodeIgniter\CodeIgniter->handleRequest()
 6 FCPATH/index.php(79): CodeIgniter\CodeIgniter->run()
CRITICAL - 2023-10-24 07:35:53 --> The current node list is empty.
in FCPATH/vendor/symfony/dom-crawler/Crawler.php on line 569.
 1 APPPATH/Models/WikiModel.php(23): Symfony\Component\DomCrawler\Crawler->text()
 2 APPPATH/Controllers/Wiki.php(17): App\Models\WikiModel->scrapeData()
 3 SYSTEMPATH/CodeIgniter.php(919): App\Controllers\Wiki->view()
 4 SYSTEMPATH/CodeIgniter.php(494): CodeIgniter\CodeIgniter->runController()
 5 SYSTEMPATH/CodeIgniter.php(353): CodeIgniter\CodeIgniter->handleRequest()
 6 FCPATH/index.php(79): CodeIgniter\CodeIgniter->run()
CRITICAL - 2023-10-24 07:40:10 --> The current node list is empty.
in FCPATH/vendor/symfony/dom-crawler/Crawler.php on line 569.
 1 APPPATH/Models/WikiModel.php(23): Symfony\Component\DomCrawler\Crawler->text()
 2 APPPATH/Controllers/Wiki.php(17): App\Models\WikiModel->scrapeData()
 3 SYSTEMPATH/CodeIgniter.php(919): App\Controllers\Wiki->view()
 4 SYSTEMPATH/CodeIgniter.php(494): CodeIgniter\CodeIgniter->runController()
 5 SYSTEMPATH/CodeIgniter.php(353): CodeIgniter\CodeIgniter->handleRequest()
 6 FCPATH/index.php(79): CodeIgniter\CodeIgniter->run()
CRITICAL - 2023-10-24 07:44:28 --> The current node list is empty.
in FCPATH/vendor/symfony/dom-crawler/Crawler.php on line 569.
 1 APPPATH/Models/WikiModel.php(23): Symfony\Component\DomCrawler\Crawler->text()
 2 APPPATH/Controllers/Wiki.php(17): App\Models\WikiModel->scrapeData()
 3 SYSTEMPATH/CodeIgniter.php(919): App\Controllers\Wiki->view()
 4 SYSTEMPATH/CodeIgniter.php(494): CodeIgniter\CodeIgniter->runController()
 5 SYSTEMPATH/CodeIgniter.php(353): CodeIgniter\CodeIgniter->handleRequest()
 6 FCPATH/index.php(79): CodeIgniter\CodeIgniter->run()
CRITICAL - 2023-10-24 07:48:45 --> The current node list is empty.
in FCPATH/vendor/symfony/dom-crawler/Crawler.php on line 569.
 1 APPPATH/Models/WikiModel.php(23): Symfony\Component\DomCrawler\Crawler->text()
 2 APPPATH/Controllers/Wiki.php(17): App\Models\WikiModel->scrapeData()
 3 SYSTEMPATH/CodeIgniter.php(919): App\Controllers\Wiki->view()
 4 SYSTEMPATH/CodeIgniter.php(494): CodeIgniter\CodeIgniter->runController()
 5 SYSTEMPATH/CodeIgniter.php(353): CodeIgniter\CodeIgniter->handleRequest()
 6 FCPATH/index.php(79): CodeIgniter\CodeIgniter->run()
CRITICAL - 2023-10-24 07:53:02 --> The current node list is empty.
in FCPATH/vendor/symfony/dom-crawler/Crawler.php on line 569.
 1 APPPATH/Models/WikiModel.php(23): Symfony\Component\DomCrawler\Crawler->text()
 2 APPPATH/Controllers/Wiki.php(17): App\Models\WikiModel->scrapeData()
 3 SYSTEMPATH/CodeIgniter.php(919): App\Controllers\Wiki->view()
 4 SYSTEMPATH/CodeIgniter.php(494): CodeIgniter\CodeIgniter->runController()
 5 SYSTEMPATH/CodeIgniter.php(353): CodeIgniter\CodeIgniter->handleRequest()
 6 FCPATH/index.php(79): CodeIgniter\CodeIgniter->run()
CRITICAL - 2023-10-24 07:57:20 --> The current node list is empty.
in FCPATH/vendor/symfony/dom-crawler/Crawler.php on line 569.
 1 APPPATH/Models/WikiModel.php(23): Symfony\Component\DomCrawler\Crawler->text()
 2 APPPATH/Controllers/Wiki.php(17): App\Models\WikiModel->scrapeData()
 3 SYSTEMPATH/CodeIgniter.php(919): App\Controllers\Wiki->view()
 4 SYSTEMPATH/CodeIgniter.php(494): CodeIgniter\CodeIgniter->runController()
 5 SYSTEMPATH/CodeIgniter.php(353): CodeIgniter\CodeIgniter->handleRequest()
 6 FCPATH/index.php(79): CodeIgniter\CodeIgniter->run()
CRITICAL - 2023-10-24 08:01:37 --> The current node list is empty.
in FCPATH/vendor/symfony/dom-crawler/Crawler.php on line 569.
 1 APPPATH/Models/WikiModel.php(23): Symfony\Component\DomCrawler\Crawler->text()
 2 APPPATH/Controllers/Wiki.php(17): App\Models\WikiModel->scrapeData()
 3 SYSTEMPATH/CodeIgniter.php(919): App\Controllers\Wiki->view()
 4 SYSTEMPATH/CodeIgniter.php(494): CodeIgniter\CodeIgniter->runController()
 5 SYSTEMPATH/CodeIgniter.php(353): CodeIgniter\CodeIgniter->handleRequest()
 6 FCPATH/index.php(79): CodeIgniter\CodeIgniter->run()
CRITICAL - 2023-10-24 08:10:11 --> The current node list is empty.
in FCPATH/vendor/symfony/dom-crawler/Crawler.php on line 569.
 1 APPPATH/Models/WikiModel.php(23): Symfony\Component\DomCrawler\Crawler->text()
 2 APPPATH/Controllers/Wiki.php(17): App\Models\WikiModel->scrapeData()
 3 SYSTEMPATH/CodeIgniter.php(919): App\Controllers\Wiki->view()
 4 SYSTEMPATH/CodeIgniter.php(494): CodeIgniter\CodeIgniter->runController()
 5 SYSTEMPATH/CodeIgniter.php(353): CodeIgniter\CodeIgniter->handleRequest()
 6 FCPATH/index.php(79): CodeIgniter\CodeIgniter->run()
CRITICAL - 2023-10-24 08:14:28 --> The current node list is empty.
in FCPATH/vendor/symfony/dom-crawler/Crawler.php on line 569.
 1 APPPATH/Models/WikiModel.php(23): Symfony\Component\DomCrawler\Crawler->text()
 2 APPPATH/Controllers/Wiki.php(17): App\Models\WikiModel->scrapeData()
 3 SYSTEMPATH/CodeIgniter.php(919): App\Controllers\Wiki->view()
 4 SYSTEMPATH/CodeIgniter.php(494): CodeIgniter\CodeIgniter->runController()
 5 SYSTEMPATH/CodeIgniter.php(353): CodeIgniter\CodeIgniter->handleRequest()
 6 FCPATH/index.php(79): CodeIgniter\CodeIgniter->run()
CRITICAL - 2023-10-24 08:18:45 --> The current node list is empty.
in FCPATH/vendor/symfony/dom-crawler/Crawler.php on line 569.
 1 APPPATH/Models/WikiModel.php(23): Symfony\Component\DomCrawler\Crawler->text()
 2 APPPATH/Controllers/Wiki.php(17): App\Models\WikiModel->scrapeData()
 3 SYSTEMPATH/CodeIgniter.php(919): App\Controllers\Wiki->view()
 4 SYSTEMPATH/CodeIgniter.php(494): CodeIgniter\CodeIgniter->runController()
 5 SYSTEMPATH/CodeIgniter.php(353): CodeIgniter\CodeIgniter->handleRequest()
 6 FCPATH/index.php(79): CodeIgniter\CodeIgniter->run()
CRITICAL - 2023-10-24 08:27:19 --> The current node list is empty.
in FCPATH/vendor/symfony/dom-crawler/Crawler.php on line 569.
 1 APPPATH/Models/WikiModel.php(23): Symfony\Component\DomCrawler\Crawler->text()
 2 APPPATH/Controllers/Wiki.php(17): App\Models\WikiModel->scrapeData()
 3 SYSTEMPATH/CodeIgniter.php(919): App\Controllers\Wiki->view()
 4 SYSTEMPATH/CodeIgniter.php(494): CodeIgniter\CodeIgniter->runController()
 5 SYSTEMPATH/CodeIgniter.php(353): CodeIgniter\CodeIgniter->handleRequest()
 6 FCPATH/index.php(79): CodeIgniter\CodeIgniter->run()
CRITICAL - 2023-10-24 08:31:36 --> The current node list is empty.
in FCPATH/vendor/symfony/dom-crawler/Crawler.php on line 569.
 1 APPPATH/Models/WikiModel.php(23): Symfony\Component\DomCrawler\Crawler->text()
 2 APPPATH/Controllers/Wiki.php(17): App\Models\WikiModel->scrapeData()
 3 SYSTEMPATH/CodeIgniter.php(919): App\Controllers\Wiki->view()
 4 SYSTEMPATH/CodeIgniter.php(494): CodeIgniter\CodeIgniter->runController()
 5 SYSTEMPATH/CodeIgniter.php(353): CodeIgniter\CodeIgniter->handleRequest()
 6 FCPATH/index.php(79): CodeIgniter\CodeIgniter->run()
CRITICAL - 2023-10-24 08:35:53 --> The current node list is empty.
in FCPATH/vendor/symfony/dom-crawler/Crawler.php on line 569.
 1 APPPATH/Models/WikiModel.php(23): Symfony\Component\DomCrawler\Crawler->text()
 2 APPPATH/Controllers/Wiki.php(17): App\Models\WikiModel->scrapeData()
 3 SYSTEMPATH/CodeIgniter.php(919): App\Controllers\Wiki->view()
 4 SYSTEMPATH/CodeIgniter.php(494): CodeIgniter\CodeIgniter->runController()
 5 SYSTEMPATH/CodeIgniter.php(353): CodeIgniter\CodeIgniter->handleRequest()
 6 FCPATH/index.php(79): CodeIgniter\CodeIgniter->run()
CRITICAL - 2023-10-24 08:40:16 --> The current node list is empty.
in FCPATH/vendor/symfony/dom-crawler/Crawler.php on line 569.
 1 APPPATH/Models/WikiModel.php(23): Symfony\Component\DomCrawler\Crawler->text()
 2 APPPATH/Controllers/Wiki.php(17): App\Models\WikiModel->scrapeData()
 3 SYSTEMPATH/CodeIgniter.php(919): App\Controllers\Wiki->view()
 4 SYSTEMPATH/CodeIgniter.php(494): CodeIgniter\CodeIgniter->runController()
 5 SYSTEMPATH/CodeIgniter.php(353): CodeIgniter\CodeIgniter->handleRequest()
 6 FCPATH/index.php(79): CodeIgniter\CodeIgniter->run()
CRITICAL - 2023-10-24 08:44:28 --> The current node list is empty.
in FCPATH/vendor/symfony/dom-crawler/Crawler.php on line 569.
 1 APPPATH/Models/WikiModel.php(23): Symfony\Component\DomCrawler\Crawler->text()
 2 APPPATH/Controllers/Wiki.php(17): App\Models\WikiModel->scrapeData()
 3 SYSTEMPATH/CodeIgniter.php(919): App\Controllers\Wiki->view()
 4 SYSTEMPATH/CodeIgniter.php(494): CodeIgniter\CodeIgniter->runController()
 5 SYSTEMPATH/CodeIgniter.php(353): CodeIgniter\CodeIgniter->handleRequest()
 6 FCPATH/index.php(79): CodeIgniter\CodeIgniter->run()
CRITICAL - 2023-10-24 08:48:45 --> The current node list is empty.
in FCPATH/vendor/symfony/dom-crawler/Crawler.php on line 569.
 1 APPPATH/Models/WikiModel.php(23): Symfony\Component\DomCrawler\Crawler->text()
 2 APPPATH/Controllers/Wiki.php(17): App\Models\WikiModel->scrapeData()
 3 SYSTEMPATH/CodeIgniter.php(919): App\Controllers\Wiki->view()
 4 SYSTEMPATH/CodeIgniter.php(494): CodeIgniter\CodeIgniter->runController()
 5 SYSTEMPATH/CodeIgniter.php(353): CodeIgniter\CodeIgniter->handleRequest()
 6 FCPATH/index.php(79): CodeIgniter\CodeIgniter->run()
CRITICAL - 2023-10-24 08:53:03 --> The current node list is empty.
in FCPATH/vendor/symfony/dom-crawler/Crawler.php on line 569.
 1 APPPATH/Models/WikiModel.php(23): Symfony\Component\DomCrawler\Crawler->text()
 2 APPPATH/Controllers/Wiki.php(17): App\Models\WikiModel->scrapeData()
 3 SYSTEMPATH/CodeIgniter.php(919): App\Controllers\Wiki->view()
 4 SYSTEMPATH/CodeIgniter.php(494): CodeIgniter\CodeIgniter->runController()
 5 SYSTEMPATH/CodeIgniter.php(353): CodeIgniter\CodeIgniter->handleRequest()
 6 FCPATH/index.php(79): CodeIgniter\CodeIgniter->run()
CRITICAL - 2023-10-24 08:57:19 --> The current node list is empty.
in FCPATH/vendor/symfony/dom-crawler/Crawler.php on line 569.
 1 APPPATH/Models/WikiModel.php(23): Symfony\Component\DomCrawler\Crawler->text()
 2 APPPATH/Controllers/Wiki.php(17): App\Models\WikiModel->scrapeData()
 3 SYSTEMPATH/CodeIgniter.php(919): App\Controllers\Wiki->view()
 4 SYSTEMPATH/CodeIgniter.php(494): CodeIgniter\CodeIgniter->runController()
 5 SYSTEMPATH/CodeIgniter.php(353): CodeIgniter\CodeIgniter->handleRequest()
 6 FCPATH/index.php(79): CodeIgniter\CodeIgniter->run()
CRITICAL - 2023-10-24 09:01:36 --> The current node list is empty.
in FCPATH/vendor/symfony/dom-crawler/Crawler.php on line 569.
 1 APPPATH/Models/WikiModel.php(23): Symfony\Component\DomCrawler\Crawler->text()
 2 APPPATH/Controllers/Wiki.php(17): App\Models\WikiModel->scrapeData()
 3 SYSTEMPATH/CodeIgniter.php(919): App\Controllers\Wiki->view()
 4 SYSTEMPATH/CodeIgniter.php(494): CodeIgniter\CodeIgniter->runController()
 5 SYSTEMPATH/CodeIgniter.php(353): CodeIgniter\CodeIgniter->handleRequest()
 6 FCPATH/index.php(79): CodeIgniter\CodeIgniter->run()
CRITICAL - 2023-10-24 09:05:54 --> The current node list is empty.
in FCPATH/vendor/symfony/dom-crawler/Crawler.php on line 569.
 1 APPPATH/Models/WikiModel.php(23): Symfony\Component\DomCrawler\Crawler->text()
 2 APPPATH/Controllers/Wiki.php(17): App\Models\WikiModel->scrapeData()
 3 SYSTEMPATH/CodeIgniter.php(919): App\Controllers\Wiki->view()
 4 SYSTEMPATH/CodeIgniter.php(494): CodeIgniter\CodeIgniter->runController()
 5 SYSTEMPATH/CodeIgniter.php(353): CodeIgniter\CodeIgniter->handleRequest()
 6 FCPATH/index.php(79): CodeIgniter\CodeIgniter->run()
CRITICAL - 2023-10-24 09:10:11 --> The current node list is empty.
in FCPATH/vendor/symfony/dom-crawler/Crawler.php on line 569.
 1 APPPATH/Models/WikiModel.php(23): Symfony\Component\DomCrawler\Crawler->text()
 2 APPPATH/Controllers/Wiki.php(17): App\Models\WikiModel->scrapeData()
 3 SYSTEMPATH/CodeIgniter.php(919): App\Controllers\Wiki->view()
 4 SYSTEMPATH/CodeIgniter.php(494): CodeIgniter\CodeIgniter->runController()
 5 SYSTEMPATH/CodeIgniter.php(353): CodeIgniter\CodeIgniter->handleRequest()
 6 FCPATH/index.php(79): CodeIgniter\CodeIgniter->run()
CRITICAL - 2023-10-24 09:14:28 --> The current node list is empty.
in FCPATH/vendor/symfony/dom-crawler/Crawler.php on line 569.
 1 APPPATH/Models/WikiModel.php(23): Symfony\Component\DomCrawler\Crawler->text()
 2 APPPATH/Controllers/Wiki.php(17): App\Models\WikiModel->scrapeData()
 3 SYSTEMPATH/CodeIgniter.php(919): App\Controllers\Wiki->view()
 4 SYSTEMPATH/CodeIgniter.php(494): CodeIgniter\CodeIgniter->runController()
 5 SYSTEMPATH/CodeIgniter.php(353): CodeIgniter\CodeIgniter->handleRequest()
 6 FCPATH/index.php(79): CodeIgniter\CodeIgniter->run()
CRITICAL - 2023-10-24 09:18:45 --> The current node list is empty.
in FCPATH/vendor/symfony/dom-crawler/Crawler.php on line 569.
 1 APPPATH/Models/WikiModel.php(23): Symfony\Component\DomCrawler\Crawler->text()
 2 APPPATH/Controllers/Wiki.php(17): App\Models\WikiModel->scrapeData()
 3 SYSTEMPATH/CodeIgniter.php(919): App\Controllers\Wiki->view()
 4 SYSTEMPATH/CodeIgniter.php(494): CodeIgniter\CodeIgniter->runController()
 5 SYSTEMPATH/CodeIgniter.php(353): CodeIgniter\CodeIgniter->handleRequest()
 6 FCPATH/index.php(79): CodeIgniter\CodeIgniter->run()
CRITICAL - 2023-10-24 09:23:03 --> The current node list is empty.
in FCPATH/vendor/symfony/dom-crawler/Crawler.php on line 569.
 1 APPPATH/Models/WikiModel.php(23): Symfony\Component\DomCrawler\Crawler->text()
 2 APPPATH/Controllers/Wiki.php(17): App\Models\WikiModel->scrapeData()
 3 SYSTEMPATH/CodeIgniter.php(919): App\Controllers\Wiki->view()
 4 SYSTEMPATH/CodeIgniter.php(494): CodeIgniter\CodeIgniter->runController()
 5 SYSTEMPATH/CodeIgniter.php(353): CodeIgniter\CodeIgniter->handleRequest()
 6 FCPATH/index.php(79): CodeIgniter\CodeIgniter->run()
CRITICAL - 2023-10-24 11:54:47 --> The current node list is empty.
in FCPATH/vendor/symfony/dom-crawler/Crawler.php on line 569.
 1 APPPATH/Models/WikiModel.php(23): Symfony\Component\DomCrawler\Crawler->text()
 2 APPPATH/Controllers/Wiki.php(17): App\Models\WikiModel->scrapeData()
 3 SYSTEMPATH/CodeIgniter.php(919): App\Controllers\Wiki->view()
 4 SYSTEMPATH/CodeIgniter.php(494): CodeIgniter\CodeIgniter->runController()
 5 SYSTEMPATH/CodeIgniter.php(353): CodeIgniter\CodeIgniter->handleRequest()
 6 FCPATH/index.php(79): CodeIgniter\CodeIgniter->run()
CRITICAL - 2023-10-24 14:31:51 --> The current node list is empty.
in FCPATH/vendor/symfony/dom-crawler/Crawler.php on line 569.
 1 APPPATH/Models/WikiModel.php(23): Symfony\Component\DomCrawler\Crawler->text()
 2 APPPATH/Controllers/Wiki.php(17): App\Models\WikiModel->scrapeData()
 3 SYSTEMPATH/CodeIgniter.php(919): App\Controllers\Wiki->view()
 4 SYSTEMPATH/CodeIgniter.php(494): CodeIgniter\CodeIgniter->runController()
 5 SYSTEMPATH/CodeIgniter.php(353): CodeIgniter\CodeIgniter->handleRequest()
 6 FCPATH/index.php(79): CodeIgniter\CodeIgniter->run()
CRITICAL - 2023-10-24 20:52:50 --> The current node list is empty.
in FCPATH/vendor/symfony/dom-crawler/Crawler.php on line 569.
 1 APPPATH/Models/WikiModel.php(23): Symfony\Component\DomCrawler\Crawler->text()
 2 APPPATH/Controllers/Wiki.php(17): App\Models\WikiModel->scrapeData()
 3 SYSTEMPATH/CodeIgniter.php(919): App\Controllers\Wiki->view()
 4 SYSTEMPATH/CodeIgniter.php(494): CodeIgniter\CodeIgniter->runController()
 5 SYSTEMPATH/CodeIgniter.php(353): CodeIgniter\CodeIgniter->handleRequest()
 6 FCPATH/index.php(79): CodeIgniter\CodeIgniter->run()
CRITICAL - 2023-10-24 21:10:49 --> The current node list is empty.
in FCPATH/vendor/symfony/dom-crawler/Crawler.php on line 569.
 1 APPPATH/Models/WikiModel.php(23): Symfony\Component\DomCrawler\Crawler->text()
 2 APPPATH/Controllers/Wiki.php(17): App\Models\WikiModel->scrapeData()
 3 SYSTEMPATH/CodeIgniter.php(919): App\Controllers\Wiki->view()
 4 SYSTEMPATH/CodeIgniter.php(494): CodeIgniter\CodeIgniter->runController()
 5 SYSTEMPATH/CodeIgniter.php(353): CodeIgniter\CodeIgniter->handleRequest()
 6 FCPATH/index.php(79): CodeIgniter\CodeIgniter->run()
CRITICAL - 2023-10-24 21:15:20 --> The current node list is empty.
in FCPATH/vendor/symfony/dom-crawler/Crawler.php on line 569.
 1 APPPATH/Models/WikiModel.php(23): Symfony\Component\DomCrawler\Crawler->text()
 2 APPPATH/Controllers/Wiki.php(17): App\Models\WikiModel->scrapeData()
 3 SYSTEMPATH/CodeIgniter.php(919): App\Controllers\Wiki->view()
 4 SYSTEMPATH/CodeIgniter.php(494): CodeIgniter\CodeIgniter->runController()
 5 SYSTEMPATH/CodeIgniter.php(353): CodeIgniter\CodeIgniter->handleRequest()
 6 FCPATH/index.php(79): CodeIgniter\CodeIgniter->run()
CRITICAL - 2023-10-24 21:23:51 --> The current node list is empty.
in FCPATH/vendor/symfony/dom-crawler/Crawler.php on line 569.
 1 APPPATH/Models/WikiModel.php(23): Symfony\Component\DomCrawler\Crawler->text()
 2 APPPATH/Controllers/Wiki.php(17): App\Models\WikiModel->scrapeData()
 3 SYSTEMPATH/CodeIgniter.php(919): App\Controllers\Wiki->view()
 4 SYSTEMPATH/CodeIgniter.php(494): CodeIgniter\CodeIgniter->runController()
 5 SYSTEMPATH/CodeIgniter.php(353): CodeIgniter\CodeIgniter->handleRequest()
 6 FCPATH/index.php(79): CodeIgniter\CodeIgniter->run()
CRITICAL - 2023-10-24 21:41:51 --> The current node list is empty.
in FCPATH/vendor/symfony/dom-crawler/Crawler.php on line 569.
 1 APPPATH/Models/WikiModel.php(23): Symfony\Component\DomCrawler\Crawler->text()
 2 APPPATH/Controllers/Wiki.php(17): App\Models\WikiModel->scrapeData()
 3 SYSTEMPATH/CodeIgniter.php(919): App\Controllers\Wiki->view()
 4 SYSTEMPATH/CodeIgniter.php(494): CodeIgniter\CodeIgniter->runController()
 5 SYSTEMPATH/CodeIgniter.php(353): CodeIgniter\CodeIgniter->handleRequest()
 6 FCPATH/index.php(79): CodeIgniter\CodeIgniter->run()
CRITICAL - 2023-10-24 21:59:51 --> The current node list is empty.
in FCPATH/vendor/symfony/dom-crawler/Crawler.php on line 569.
 1 APPPATH/Models/WikiModel.php(23): Symfony\Component\DomCrawler\Crawler->text()
 2 APPPATH/Controllers/Wiki.php(17): App\Models\WikiModel->scrapeData()
 3 SYSTEMPATH/CodeIgniter.php(919): App\Controllers\Wiki->view()
 4 SYSTEMPATH/CodeIgniter.php(494): CodeIgniter\CodeIgniter->runController()
 5 SYSTEMPATH/CodeIgniter.php(353): CodeIgniter\CodeIgniter->handleRequest()
 6 FCPATH/index.php(79): CodeIgniter\CodeIgniter->run()
CRITICAL - 2023-10-24 22:08:51 --> The current node list is empty.
in FCPATH/vendor/symfony/dom-crawler/Crawler.php on line 569.
 1 APPPATH/Models/WikiModel.php(23): Symfony\Component\DomCrawler\Crawler->text()
 2 APPPATH/Controllers/Wiki.php(17): App\Models\WikiModel->scrapeData()
 3 SYSTEMPATH/CodeIgniter.php(919): App\Controllers\Wiki->view()
 4 SYSTEMPATH/CodeIgniter.php(494): CodeIgniter\CodeIgniter->runController()
 5 SYSTEMPATH/CodeIgniter.php(353): CodeIgniter\CodeIgniter->handleRequest()
 6 FCPATH/index.php(79): CodeIgniter\CodeIgniter->run()
CRITICAL - 2023-10-24 22:26:51 --> The current node list is empty.
in FCPATH/vendor/symfony/dom-crawler/Crawler.php on line 569.
 1 APPPATH/Models/WikiModel.php(23): Symfony\Component\DomCrawler\Crawler->text()
 2 APPPATH/Controllers/Wiki.php(17): App\Models\WikiModel->scrapeData()
 3 SYSTEMPATH/CodeIgniter.php(919): App\Controllers\Wiki->view()
 4 SYSTEMPATH/CodeIgniter.php(494): CodeIgniter\CodeIgniter->runController()
 5 SYSTEMPATH/CodeIgniter.php(353): CodeIgniter\CodeIgniter->handleRequest()
 6 FCPATH/index.php(79): CodeIgniter\CodeIgniter->run()
