CRITICAL - 2024-02-15 00:15:45 --> Could not resolve host: de.wikipedia.org for "https://de.wikipedia.org/wiki/Kategorie:Monument_historique_in_Miniac-sous-B%C3%A9cherel".
in FCPATH/Codeigniter/vendor/symfony/http-client/Chunk/ErrorChunk.php on line 56.
 1 FCPATH/Codeigniter/vendor/symfony/http-client/Response/CommonResponseTrait.php(144): Symfony\Component\HttpClient\Chunk\ErrorChunk->isFirst()
 2 FCPATH/Codeigniter/vendor/symfony/http-client/Response/CommonResponseTrait.php(41): Symfony\Component\HttpClient\Response\CurlResponse::initialize()
 3 FCPATH/Codeigniter/vendor/symfony/http-client/Response/CurlResponse.php(230): Symfony\Component\HttpClient\Response\CurlResponse->doGetContent()
 4 FCPATH/Codeigniter/vendor/symfony/browser-kit/HttpBrowser.php(57): Symfony\Component\HttpClient\Response\CurlResponse->getContent()
 5 FCPATH/Codeigniter/vendor/symfony/browser-kit/AbstractBrowser.php(403): Symfony\Component\BrowserKit\HttpBrowser->doRequest()
 6 APPPATH/Models/WikiModel.php(16): Symfony\Component\BrowserKit\AbstractBrowser->request()
 7 APPPATH/Controllers/Wiki.php(36): App\Models\WikiModel->scrapeData()
 8 SYSTEMPATH/CodeIgniter.php(919): App\Controllers\Wiki->view()
 9 SYSTEMPATH/CodeIgniter.php(494): CodeIgniter\CodeIgniter->runController()
10 SYSTEMPATH/CodeIgniter.php(353): CodeIgniter\CodeIgniter->handleRequest()
11 FCPATH/index.php(79): CodeIgniter\CodeIgniter->run()
CRITICAL - 2024-02-15 11:25:03 --> Could not resolve host: de.wikipedia.org for "https://de.wikipedia.org/wiki/Bachtiarische_Sprache".
in FCPATH/Codeigniter/vendor/symfony/http-client/Chunk/ErrorChunk.php on line 56.
 1 FCPATH/Codeigniter/vendor/symfony/http-client/Response/CommonResponseTrait.php(144): Symfony\Component\HttpClient\Chunk\ErrorChunk->isFirst()
 2 FCPATH/Codeigniter/vendor/symfony/http-client/Response/CommonResponseTrait.php(41): Symfony\Component\HttpClient\Response\CurlResponse::initialize()
 3 FCPATH/Codeigniter/vendor/symfony/http-client/Response/CurlResponse.php(230): Symfony\Component\HttpClient\Response\CurlResponse->doGetContent()
 4 FCPATH/Codeigniter/vendor/symfony/browser-kit/HttpBrowser.php(57): Symfony\Component\HttpClient\Response\CurlResponse->getContent()
 5 FCPATH/Codeigniter/vendor/symfony/browser-kit/AbstractBrowser.php(403): Symfony\Component\BrowserKit\HttpBrowser->doRequest()
 6 APPPATH/Models/WikiModel.php(16): Symfony\Component\BrowserKit\AbstractBrowser->request()
 7 APPPATH/Controllers/Wiki.php(36): App\Models\WikiModel->scrapeData()
 8 SYSTEMPATH/CodeIgniter.php(919): App\Controllers\Wiki->view()
 9 SYSTEMPATH/CodeIgniter.php(494): CodeIgniter\CodeIgniter->runController()
10 SYSTEMPATH/CodeIgniter.php(353): CodeIgniter\CodeIgniter->handleRequest()
11 FCPATH/index.php(79): CodeIgniter\CodeIgniter->run()
CRITICAL - 2024-02-15 18:55:43 --> Could not resolve host: de.wikipedia.org for "https://de.wikipedia.org/wiki/Ingenieurwissenschaft".
in FCPATH/Codeigniter/vendor/symfony/http-client/Chunk/ErrorChunk.php on line 56.
 1 FCPATH/Codeigniter/vendor/symfony/http-client/Response/CommonResponseTrait.php(144): Symfony\Component\HttpClient\Chunk\ErrorChunk->isFirst()
 2 FCPATH/Codeigniter/vendor/symfony/http-client/Response/CommonResponseTrait.php(41): Symfony\Component\HttpClient\Response\CurlResponse::initialize()
 3 FCPATH/Codeigniter/vendor/symfony/http-client/Response/CurlResponse.php(230): Symfony\Component\HttpClient\Response\CurlResponse->doGetContent()
 4 FCPATH/Codeigniter/vendor/symfony/browser-kit/HttpBrowser.php(57): Symfony\Component\HttpClient\Response\CurlResponse->getContent()
 5 FCPATH/Codeigniter/vendor/symfony/browser-kit/AbstractBrowser.php(403): Symfony\Component\BrowserKit\HttpBrowser->doRequest()
 6 APPPATH/Models/WikiModel.php(16): Symfony\Component\BrowserKit\AbstractBrowser->request()
 7 APPPATH/Controllers/Wiki.php(36): App\Models\WikiModel->scrapeData()
 8 SYSTEMPATH/CodeIgniter.php(919): App\Controllers\Wiki->view()
 9 SYSTEMPATH/CodeIgniter.php(494): CodeIgniter\CodeIgniter->runController()
10 SYSTEMPATH/CodeIgniter.php(353): CodeIgniter\CodeIgniter->handleRequest()
11 FCPATH/index.php(79): CodeIgniter\CodeIgniter->run()
